[2025-07-19 17:20:06] local.ERROR: UserPlan ID 11  
[2025-07-19 17:20:06] local.ERROR: Previous status: Pending  
[2025-07-19 17:20:06] local.ERROR: Setting start_date to: 2025-07-19 17:20:06  
[2025-07-19 17:20:06] local.ERROR: Setting end_date to: 2025-10-19 17:20:06  
[2025-07-19 17:20:06] local.ERROR: plan_duration: 3 Months  
[2025-07-19 17:21:24] local.ERROR: UserPlan ID 11  
[2025-07-19 17:21:24] local.ERROR: Previous status: Pending  
[2025-07-19 17:21:24] local.ERROR: Setting start_date to: 2025-07-19 17:21:24  
[2025-07-19 17:21:24] local.ERROR: Setting end_date to: 2025-10-19 17:21:24  
[2025-07-19 17:21:24] local.ERROR: plan_duration: 3 Months  
[2025-07-19 17:24:09] local.INFO: Return 2  
[2025-07-19 17:24:09] local.INFO: Return 1  
[2025-07-19 17:46:53] local.INFO: REQUEST all 1: {"trainer_user_id":39,"trainer_id":5,"trainer_payment_method":"GCASH","trainer_status":"Approved","trainer_duration":"1 Month","trainer_time_schedule":"2:00pm - 3:30pm","trainer_total_price":2000,"trainer_start_date":"2025-07-25","trainer_end_date":"2025-08-25","customer_name":"arnelcellona9597@gmail.com arnelcellona9597@gmail.com","phone":null,"email":"arnelcellona9597@gmail.com"} 
[2025-07-19 17:46:54] local.INFO: REQUEST 2: {"customer_name":"arnelcellona9597@gmail.com arnelcellona9597@gmail.com","email":"arnelcellona9597@gmail.com","payment_intent":"pi_bi2SyMtzvGjo6T4HxeS1rcbz"} 
[2025-07-19 17:46:54] local.INFO: PayMongo attach response: {"data":{"id":"pi_bi2SyMtzvGjo6T4HxeS1rcbz","type":"payment_intent","attributes":{"amount":200000,"capture_type":"automatic","client_key":"pi_bi2SyMtzvGjo6T4HxeS1rcbz_client_Pfw4eaPy56A9Y7kgSu8rXvsM","currency":"PHP","description":"Book a Trainor","livemode":false,"original_amount":200000,"statement_descriptor":"Wellfit Fitness Gym","status":"awaiting_next_action","last_payment_error":null,"payment_method_allowed":["gcash"],"payments":[],"next_action":{"type":"redirect","redirect":{"url":"https:\/\/secure-authentication.paymongo.com\/sources?id=src_p9CcnRRzTSjBxrsrhi3VfYFX","return_url":"http:\/\/127.0.0.1:8000\/trainer-gcash-payment\/step4?payment_intent_id=pi_bi2SyMtzvGjo6T4HxeS1rcbz"}},"payment_method_options":null,"metadata":null,"setup_future_usage":null,"created_at":1752947213,"updated_at":1752947214}}}  
[2025-07-19 17:46:58] local.INFO: REQUEST 4: {"payment_intent_id":"pi_bi2SyMtzvGjo6T4HxeS1rcbz"} 
[2025-07-19 17:46:58] local.ERROR: Error fetching payment status: Client error: `GET https://api.paymongo.com/v1/payment_intents/` resulted in a `404 Not Found` response:
{"errors":[{"code":"process_not_implemented","detail":"Index action not implemented"}]}
  
[2025-07-22 07:29:20] local.ERROR: ID:36  
[2025-07-22 07:47:45] local.ERROR: USER CREATED  
[2025-07-22 10:21:29] laravel.EMERGENCY: Unable to create configured logger. Using emergency logger. {"exception":"[object] (InvalidArgumentException(code: 0): Log [] is not defined. at D:\\Program Files\\Xammp\\htdocs\\wellfitfitnessgym-main\\vendor\\laravel\\framework\\src\\Illuminate\\Log\\LogManager.php:212)
[stacktrace]
#0 D:\\Program Files\\Xammp\\htdocs\\wellfitfitnessgym-main\\vendor\\laravel\\framework\\src\\Illuminate\\Log\\LogManager.php(137): Illuminate\\Log\\LogManager->resolve(NULL, NULL)
#1 D:\\Program Files\\Xammp\\htdocs\\wellfitfitnessgym-main\\vendor\\laravel\\framework\\src\\Illuminate\\Log\\LogManager.php(124): Illuminate\\Log\\LogManager->get(NULL)
#2 D:\\Program Files\\Xammp\\htdocs\\wellfitfitnessgym-main\\vendor\\laravel\\framework\\src\\Illuminate\\Log\\LogManager.php(681): Illuminate\\Log\\LogManager->driver()
#3 D:\\Program Files\\Xammp\\htdocs\\wellfitfitnessgym-main\\vendor\\laravel\\framework\\src\\Illuminate\\Foundation\\Exceptions\\Handler.php(317): Illuminate\\Log\\LogManager->error('Method Illumina...', Array)
#4 D:\\Program Files\\Xammp\\htdocs\\wellfitfitnessgym-main\\vendor\\laravel\\framework\\src\\Illuminate\\Foundation\\Exceptions\\Handler.php(278): Illuminate\\Foundation\\Exceptions\\Handler->reportThrowable(Object(BadMethodCallException))
#5 D:\\Program Files\\Xammp\\htdocs\\wellfitfitnessgym-main\\vendor\\laravel\\framework\\src\\Illuminate\\Foundation\\Http\\Kernel.php(497): Illuminate\\Foundation\\Exceptions\\Handler->report(Object(BadMethodCallException))
#6 D:\\Program Files\\Xammp\\htdocs\\wellfitfitnessgym-main\\vendor\\laravel\\framework\\src\\Illuminate\\Foundation\\Http\\Kernel.php(146): Illuminate\\Foundation\\Http\\Kernel->reportException(Object(BadMethodCallException))
#7 D:\\Program Files\\Xammp\\htdocs\\wellfitfitnessgym-main\\public\\index.php(51): Illuminate\\Foundation\\Http\\Kernel->handle(Object(Illuminate\\Http\\Request))
#8 D:\\Program Files\\Xammp\\htdocs\\wellfitfitnessgym-main\\vendor\\laravel\\framework\\src\\Illuminate\\Foundation\\resources\\server.php(16): require_once('D:\\\\Program File...')
#9 {main}
"} 
[2025-07-22 10:21:29] laravel.ERROR: Method Illuminate\Support\Collection::toArrays does not exist. {"exception":"[object] (BadMethodCallException(code: 0): Method Illuminate\\Support\\Collection::toArrays does not exist. at D:\\Program Files\\Xammp\\htdocs\\wellfitfitnessgym-main\\vendor\\laravel\\framework\\src\\Illuminate\\Macroable\\Traits\\Macroable.php:112)
[stacktrace]
#0 D:\\Program Files\\Xammp\\htdocs\\wellfitfitnessgym-main\\config\\app.php(186): Illuminate\\Support\\Collection->__call('toArrays', Array)
#1 D:\\Program Files\\Xammp\\htdocs\\wellfitfitnessgym-main\\vendor\\laravel\\framework\\src\\Illuminate\\Foundation\\Bootstrap\\LoadConfiguration.php(70): require('D:\\\\Program File...')
#2 D:\\Program Files\\Xammp\\htdocs\\wellfitfitnessgym-main\\vendor\\laravel\\framework\\src\\Illuminate\\Foundation\\Bootstrap\\LoadConfiguration.php(39): Illuminate\\Foundation\\Bootstrap\\LoadConfiguration->loadConfigurationFiles(Object(Illuminate\\Foundation\\Application), Object(Illuminate\\Config\\Repository))
#3 D:\\Program Files\\Xammp\\htdocs\\wellfitfitnessgym-main\\vendor\\laravel\\framework\\src\\Illuminate\\Foundation\\Application.php(263): Illuminate\\Foundation\\Bootstrap\\LoadConfiguration->bootstrap(Object(Illuminate\\Foundation\\Application))
#4 D:\\Program Files\\Xammp\\htdocs\\wellfitfitnessgym-main\\vendor\\laravel\\framework\\src\\Illuminate\\Foundation\\Http\\Kernel.php(186): Illuminate\\Foundation\\Application->bootstrapWith(Array)
#5 D:\\Program Files\\Xammp\\htdocs\\wellfitfitnessgym-main\\vendor\\laravel\\framework\\src\\Illuminate\\Foundation\\Http\\Kernel.php(170): Illuminate\\Foundation\\Http\\Kernel->bootstrap()
#6 D:\\Program Files\\Xammp\\htdocs\\wellfitfitnessgym-main\\vendor\\laravel\\framework\\src\\Illuminate\\Foundation\\Http\\Kernel.php(144): Illuminate\\Foundation\\Http\\Kernel->sendRequestThroughRouter(Object(Illuminate\\Http\\Request))
#7 D:\\Program Files\\Xammp\\htdocs\\wellfitfitnessgym-main\\public\\index.php(51): Illuminate\\Foundation\\Http\\Kernel->handle(Object(Illuminate\\Http\\Request))
#8 D:\\Program Files\\Xammp\\htdocs\\wellfitfitnessgym-main\\vendor\\laravel\\framework\\src\\Illuminate\\Foundation\\resources\\server.php(16): require_once('D:\\\\Program File...')
#9 {main}
"} 
[2025-07-22 10:21:37] laravel.EMERGENCY: Unable to create configured logger. Using emergency logger. {"exception":"[object] (InvalidArgumentException(code: 0): Log [] is not defined. at D:\\Program Files\\Xammp\\htdocs\\wellfitfitnessgym-main\\vendor\\laravel\\framework\\src\\Illuminate\\Log\\LogManager.php:212)
[stacktrace]
#0 D:\\Program Files\\Xammp\\htdocs\\wellfitfitnessgym-main\\vendor\\laravel\\framework\\src\\Illuminate\\Log\\LogManager.php(137): Illuminate\\Log\\LogManager->resolve(NULL, NULL)
#1 D:\\Program Files\\Xammp\\htdocs\\wellfitfitnessgym-main\\vendor\\laravel\\framework\\src\\Illuminate\\Log\\LogManager.php(124): Illuminate\\Log\\LogManager->get(NULL)
#2 D:\\Program Files\\Xammp\\htdocs\\wellfitfitnessgym-main\\vendor\\laravel\\framework\\src\\Illuminate\\Log\\LogManager.php(681): Illuminate\\Log\\LogManager->driver()
#3 D:\\Program Files\\Xammp\\htdocs\\wellfitfitnessgym-main\\vendor\\laravel\\framework\\src\\Illuminate\\Foundation\\Exceptions\\Handler.php(317): Illuminate\\Log\\LogManager->error('Method Illumina...', Array)
#4 D:\\Program Files\\Xammp\\htdocs\\wellfitfitnessgym-main\\vendor\\laravel\\framework\\src\\Illuminate\\Foundation\\Exceptions\\Handler.php(278): Illuminate\\Foundation\\Exceptions\\Handler->reportThrowable(Object(BadMethodCallException))
#5 D:\\Program Files\\Xammp\\htdocs\\wellfitfitnessgym-main\\vendor\\laravel\\framework\\src\\Illuminate\\Foundation\\Http\\Kernel.php(497): Illuminate\\Foundation\\Exceptions\\Handler->report(Object(BadMethodCallException))
#6 D:\\Program Files\\Xammp\\htdocs\\wellfitfitnessgym-main\\vendor\\laravel\\framework\\src\\Illuminate\\Foundation\\Http\\Kernel.php(146): Illuminate\\Foundation\\Http\\Kernel->reportException(Object(BadMethodCallException))
#7 D:\\Program Files\\Xammp\\htdocs\\wellfitfitnessgym-main\\public\\index.php(51): Illuminate\\Foundation\\Http\\Kernel->handle(Object(Illuminate\\Http\\Request))
#8 D:\\Program Files\\Xammp\\htdocs\\wellfitfitnessgym-main\\vendor\\laravel\\framework\\src\\Illuminate\\Foundation\\resources\\server.php(16): require_once('D:\\\\Program File...')
#9 {main}
"} 
[2025-07-22 10:21:37] laravel.ERROR: Method Illuminate\Support\Collection::toArrays does not exist. {"exception":"[object] (BadMethodCallException(code: 0): Method Illuminate\\Support\\Collection::toArrays does not exist. at D:\\Program Files\\Xammp\\htdocs\\wellfitfitnessgym-main\\vendor\\laravel\\framework\\src\\Illuminate\\Macroable\\Traits\\Macroable.php:112)
[stacktrace]
#0 D:\\Program Files\\Xammp\\htdocs\\wellfitfitnessgym-main\\config\\app.php(186): Illuminate\\Support\\Collection->__call('toArrays', Array)
#1 D:\\Program Files\\Xammp\\htdocs\\wellfitfitnessgym-main\\vendor\\laravel\\framework\\src\\Illuminate\\Foundation\\Bootstrap\\LoadConfiguration.php(70): require('D:\\\\Program File...')
#2 D:\\Program Files\\Xammp\\htdocs\\wellfitfitnessgym-main\\vendor\\laravel\\framework\\src\\Illuminate\\Foundation\\Bootstrap\\LoadConfiguration.php(39): Illuminate\\Foundation\\Bootstrap\\LoadConfiguration->loadConfigurationFiles(Object(Illuminate\\Foundation\\Application), Object(Illuminate\\Config\\Repository))
#3 D:\\Program Files\\Xammp\\htdocs\\wellfitfitnessgym-main\\vendor\\laravel\\framework\\src\\Illuminate\\Foundation\\Application.php(263): Illuminate\\Foundation\\Bootstrap\\LoadConfiguration->bootstrap(Object(Illuminate\\Foundation\\Application))
#4 D:\\Program Files\\Xammp\\htdocs\\wellfitfitnessgym-main\\vendor\\laravel\\framework\\src\\Illuminate\\Foundation\\Http\\Kernel.php(186): Illuminate\\Foundation\\Application->bootstrapWith(Array)
#5 D:\\Program Files\\Xammp\\htdocs\\wellfitfitnessgym-main\\vendor\\laravel\\framework\\src\\Illuminate\\Foundation\\Http\\Kernel.php(170): Illuminate\\Foundation\\Http\\Kernel->bootstrap()
#6 D:\\Program Files\\Xammp\\htdocs\\wellfitfitnessgym-main\\vendor\\laravel\\framework\\src\\Illuminate\\Foundation\\Http\\Kernel.php(144): Illuminate\\Foundation\\Http\\Kernel->sendRequestThroughRouter(Object(Illuminate\\Http\\Request))
#7 D:\\Program Files\\Xammp\\htdocs\\wellfitfitnessgym-main\\public\\index.php(51): Illuminate\\Foundation\\Http\\Kernel->handle(Object(Illuminate\\Http\\Request))
#8 D:\\Program Files\\Xammp\\htdocs\\wellfitfitnessgym-main\\vendor\\laravel\\framework\\src\\Illuminate\\Foundation\\resources\\server.php(16): require_once('D:\\\\Program File...')
#9 {main}
"} 
[2025-07-22 10:21:40] laravel.EMERGENCY: Unable to create configured logger. Using emergency logger. {"exception":"[object] (InvalidArgumentException(code: 0): Log [] is not defined. at D:\\Program Files\\Xammp\\htdocs\\wellfitfitnessgym-main\\vendor\\laravel\\framework\\src\\Illuminate\\Log\\LogManager.php:212)
[stacktrace]
#0 D:\\Program Files\\Xammp\\htdocs\\wellfitfitnessgym-main\\vendor\\laravel\\framework\\src\\Illuminate\\Log\\LogManager.php(137): Illuminate\\Log\\LogManager->resolve(NULL, NULL)
#1 D:\\Program Files\\Xammp\\htdocs\\wellfitfitnessgym-main\\vendor\\laravel\\framework\\src\\Illuminate\\Log\\LogManager.php(124): Illuminate\\Log\\LogManager->get(NULL)
#2 D:\\Program Files\\Xammp\\htdocs\\wellfitfitnessgym-main\\vendor\\laravel\\framework\\src\\Illuminate\\Log\\LogManager.php(681): Illuminate\\Log\\LogManager->driver()
#3 D:\\Program Files\\Xammp\\htdocs\\wellfitfitnessgym-main\\vendor\\laravel\\framework\\src\\Illuminate\\Foundation\\Exceptions\\Handler.php(317): Illuminate\\Log\\LogManager->error('Method Illumina...', Array)
#4 D:\\Program Files\\Xammp\\htdocs\\wellfitfitnessgym-main\\vendor\\laravel\\framework\\src\\Illuminate\\Foundation\\Exceptions\\Handler.php(278): Illuminate\\Foundation\\Exceptions\\Handler->reportThrowable(Object(BadMethodCallException))
#5 D:\\Program Files\\Xammp\\htdocs\\wellfitfitnessgym-main\\vendor\\laravel\\framework\\src\\Illuminate\\Foundation\\Http\\Kernel.php(497): Illuminate\\Foundation\\Exceptions\\Handler->report(Object(BadMethodCallException))
#6 D:\\Program Files\\Xammp\\htdocs\\wellfitfitnessgym-main\\vendor\\laravel\\framework\\src\\Illuminate\\Foundation\\Http\\Kernel.php(146): Illuminate\\Foundation\\Http\\Kernel->reportException(Object(BadMethodCallException))
#7 D:\\Program Files\\Xammp\\htdocs\\wellfitfitnessgym-main\\public\\index.php(51): Illuminate\\Foundation\\Http\\Kernel->handle(Object(Illuminate\\Http\\Request))
#8 D:\\Program Files\\Xammp\\htdocs\\wellfitfitnessgym-main\\vendor\\laravel\\framework\\src\\Illuminate\\Foundation\\resources\\server.php(16): require_once('D:\\\\Program File...')
#9 {main}
"} 
[2025-07-22 10:21:40] laravel.ERROR: Method Illuminate\Support\Collection::toArrays does not exist. {"exception":"[object] (BadMethodCallException(code: 0): Method Illuminate\\Support\\Collection::toArrays does not exist. at D:\\Program Files\\Xammp\\htdocs\\wellfitfitnessgym-main\\vendor\\laravel\\framework\\src\\Illuminate\\Macroable\\Traits\\Macroable.php:112)
[stacktrace]
#0 D:\\Program Files\\Xammp\\htdocs\\wellfitfitnessgym-main\\config\\app.php(186): Illuminate\\Support\\Collection->__call('toArrays', Array)
#1 D:\\Program Files\\Xammp\\htdocs\\wellfitfitnessgym-main\\vendor\\laravel\\framework\\src\\Illuminate\\Foundation\\Bootstrap\\LoadConfiguration.php(70): require('D:\\\\Program File...')
#2 D:\\Program Files\\Xammp\\htdocs\\wellfitfitnessgym-main\\vendor\\laravel\\framework\\src\\Illuminate\\Foundation\\Bootstrap\\LoadConfiguration.php(39): Illuminate\\Foundation\\Bootstrap\\LoadConfiguration->loadConfigurationFiles(Object(Illuminate\\Foundation\\Application), Object(Illuminate\\Config\\Repository))
#3 D:\\Program Files\\Xammp\\htdocs\\wellfitfitnessgym-main\\vendor\\laravel\\framework\\src\\Illuminate\\Foundation\\Application.php(263): Illuminate\\Foundation\\Bootstrap\\LoadConfiguration->bootstrap(Object(Illuminate\\Foundation\\Application))
#4 D:\\Program Files\\Xammp\\htdocs\\wellfitfitnessgym-main\\vendor\\laravel\\framework\\src\\Illuminate\\Foundation\\Http\\Kernel.php(186): Illuminate\\Foundation\\Application->bootstrapWith(Array)
#5 D:\\Program Files\\Xammp\\htdocs\\wellfitfitnessgym-main\\vendor\\laravel\\framework\\src\\Illuminate\\Foundation\\Http\\Kernel.php(170): Illuminate\\Foundation\\Http\\Kernel->bootstrap()
#6 D:\\Program Files\\Xammp\\htdocs\\wellfitfitnessgym-main\\vendor\\laravel\\framework\\src\\Illuminate\\Foundation\\Http\\Kernel.php(144): Illuminate\\Foundation\\Http\\Kernel->sendRequestThroughRouter(Object(Illuminate\\Http\\Request))
#7 D:\\Program Files\\Xammp\\htdocs\\wellfitfitnessgym-main\\public\\index.php(51): Illuminate\\Foundation\\Http\\Kernel->handle(Object(Illuminate\\Http\\Request))
#8 D:\\Program Files\\Xammp\\htdocs\\wellfitfitnessgym-main\\vendor\\laravel\\framework\\src\\Illuminate\\Foundation\\resources\\server.php(16): require_once('D:\\\\Program File...')
#9 {main}
"} 
[2025-07-22 10:21:40] laravel.EMERGENCY: Unable to create configured logger. Using emergency logger. {"exception":"[object] (InvalidArgumentException(code: 0): Log [] is not defined. at D:\\Program Files\\Xammp\\htdocs\\wellfitfitnessgym-main\\vendor\\laravel\\framework\\src\\Illuminate\\Log\\LogManager.php:212)
[stacktrace]
#0 D:\\Program Files\\Xammp\\htdocs\\wellfitfitnessgym-main\\vendor\\laravel\\framework\\src\\Illuminate\\Log\\LogManager.php(137): Illuminate\\Log\\LogManager->resolve(NULL, NULL)
#1 D:\\Program Files\\Xammp\\htdocs\\wellfitfitnessgym-main\\vendor\\laravel\\framework\\src\\Illuminate\\Log\\LogManager.php(124): Illuminate\\Log\\LogManager->get(NULL)
#2 D:\\Program Files\\Xammp\\htdocs\\wellfitfitnessgym-main\\vendor\\laravel\\framework\\src\\Illuminate\\Log\\LogManager.php(681): Illuminate\\Log\\LogManager->driver()
#3 D:\\Program Files\\Xammp\\htdocs\\wellfitfitnessgym-main\\vendor\\laravel\\framework\\src\\Illuminate\\Foundation\\Exceptions\\Handler.php(317): Illuminate\\Log\\LogManager->error('Method Illumina...', Array)
#4 D:\\Program Files\\Xammp\\htdocs\\wellfitfitnessgym-main\\vendor\\laravel\\framework\\src\\Illuminate\\Foundation\\Exceptions\\Handler.php(278): Illuminate\\Foundation\\Exceptions\\Handler->reportThrowable(Object(BadMethodCallException))
#5 D:\\Program Files\\Xammp\\htdocs\\wellfitfitnessgym-main\\vendor\\laravel\\framework\\src\\Illuminate\\Foundation\\Http\\Kernel.php(497): Illuminate\\Foundation\\Exceptions\\Handler->report(Object(BadMethodCallException))
#6 D:\\Program Files\\Xammp\\htdocs\\wellfitfitnessgym-main\\vendor\\laravel\\framework\\src\\Illuminate\\Foundation\\Http\\Kernel.php(146): Illuminate\\Foundation\\Http\\Kernel->reportException(Object(BadMethodCallException))
#7 D:\\Program Files\\Xammp\\htdocs\\wellfitfitnessgym-main\\public\\index.php(51): Illuminate\\Foundation\\Http\\Kernel->handle(Object(Illuminate\\Http\\Request))
#8 D:\\Program Files\\Xammp\\htdocs\\wellfitfitnessgym-main\\vendor\\laravel\\framework\\src\\Illuminate\\Foundation\\resources\\server.php(16): require_once('D:\\\\Program File...')
#9 {main}
"} 
[2025-07-22 10:21:40] laravel.ERROR: Method Illuminate\Support\Collection::toArrays does not exist. {"exception":"[object] (BadMethodCallException(code: 0): Method Illuminate\\Support\\Collection::toArrays does not exist. at D:\\Program Files\\Xammp\\htdocs\\wellfitfitnessgym-main\\vendor\\laravel\\framework\\src\\Illuminate\\Macroable\\Traits\\Macroable.php:112)
[stacktrace]
#0 D:\\Program Files\\Xammp\\htdocs\\wellfitfitnessgym-main\\config\\app.php(186): Illuminate\\Support\\Collection->__call('toArrays', Array)
#1 D:\\Program Files\\Xammp\\htdocs\\wellfitfitnessgym-main\\vendor\\laravel\\framework\\src\\Illuminate\\Foundation\\Bootstrap\\LoadConfiguration.php(70): require('D:\\\\Program File...')
#2 D:\\Program Files\\Xammp\\htdocs\\wellfitfitnessgym-main\\vendor\\laravel\\framework\\src\\Illuminate\\Foundation\\Bootstrap\\LoadConfiguration.php(39): Illuminate\\Foundation\\Bootstrap\\LoadConfiguration->loadConfigurationFiles(Object(Illuminate\\Foundation\\Application), Object(Illuminate\\Config\\Repository))
#3 D:\\Program Files\\Xammp\\htdocs\\wellfitfitnessgym-main\\vendor\\laravel\\framework\\src\\Illuminate\\Foundation\\Application.php(263): Illuminate\\Foundation\\Bootstrap\\LoadConfiguration->bootstrap(Object(Illuminate\\Foundation\\Application))
#4 D:\\Program Files\\Xammp\\htdocs\\wellfitfitnessgym-main\\vendor\\laravel\\framework\\src\\Illuminate\\Foundation\\Http\\Kernel.php(186): Illuminate\\Foundation\\Application->bootstrapWith(Array)
#5 D:\\Program Files\\Xammp\\htdocs\\wellfitfitnessgym-main\\vendor\\laravel\\framework\\src\\Illuminate\\Foundation\\Http\\Kernel.php(170): Illuminate\\Foundation\\Http\\Kernel->bootstrap()
#6 D:\\Program Files\\Xammp\\htdocs\\wellfitfitnessgym-main\\vendor\\laravel\\framework\\src\\Illuminate\\Foundation\\Http\\Kernel.php(144): Illuminate\\Foundation\\Http\\Kernel->sendRequestThroughRouter(Object(Illuminate\\Http\\Request))
#7 D:\\Program Files\\Xammp\\htdocs\\wellfitfitnessgym-main\\public\\index.php(51): Illuminate\\Foundation\\Http\\Kernel->handle(Object(Illuminate\\Http\\Request))
#8 D:\\Program Files\\Xammp\\htdocs\\wellfitfitnessgym-main\\vendor\\laravel\\framework\\src\\Illuminate\\Foundation\\resources\\server.php(16): require_once('D:\\\\Program File...')
#9 {main}
"} 
[2025-07-22 10:21:40] laravel.EMERGENCY: Unable to create configured logger. Using emergency logger. {"exception":"[object] (InvalidArgumentException(code: 0): Log [] is not defined. at D:\\Program Files\\Xammp\\htdocs\\wellfitfitnessgym-main\\vendor\\laravel\\framework\\src\\Illuminate\\Log\\LogManager.php:212)
[stacktrace]
#0 D:\\Program Files\\Xammp\\htdocs\\wellfitfitnessgym-main\\vendor\\laravel\\framework\\src\\Illuminate\\Log\\LogManager.php(137): Illuminate\\Log\\LogManager->resolve(NULL, NULL)
#1 D:\\Program Files\\Xammp\\htdocs\\wellfitfitnessgym-main\\vendor\\laravel\\framework\\src\\Illuminate\\Log\\LogManager.php(124): Illuminate\\Log\\LogManager->get(NULL)
#2 D:\\Program Files\\Xammp\\htdocs\\wellfitfitnessgym-main\\vendor\\laravel\\framework\\src\\Illuminate\\Log\\LogManager.php(681): Illuminate\\Log\\LogManager->driver()
#3 D:\\Program Files\\Xammp\\htdocs\\wellfitfitnessgym-main\\vendor\\laravel\\framework\\src\\Illuminate\\Foundation\\Exceptions\\Handler.php(317): Illuminate\\Log\\LogManager->error('Method Illumina...', Array)
#4 D:\\Program Files\\Xammp\\htdocs\\wellfitfitnessgym-main\\vendor\\laravel\\framework\\src\\Illuminate\\Foundation\\Exceptions\\Handler.php(278): Illuminate\\Foundation\\Exceptions\\Handler->reportThrowable(Object(BadMethodCallException))
#5 D:\\Program Files\\Xammp\\htdocs\\wellfitfitnessgym-main\\vendor\\laravel\\framework\\src\\Illuminate\\Foundation\\Http\\Kernel.php(497): Illuminate\\Foundation\\Exceptions\\Handler->report(Object(BadMethodCallException))
#6 D:\\Program Files\\Xammp\\htdocs\\wellfitfitnessgym-main\\vendor\\laravel\\framework\\src\\Illuminate\\Foundation\\Http\\Kernel.php(146): Illuminate\\Foundation\\Http\\Kernel->reportException(Object(BadMethodCallException))
#7 D:\\Program Files\\Xammp\\htdocs\\wellfitfitnessgym-main\\public\\index.php(51): Illuminate\\Foundation\\Http\\Kernel->handle(Object(Illuminate\\Http\\Request))
#8 D:\\Program Files\\Xammp\\htdocs\\wellfitfitnessgym-main\\vendor\\laravel\\framework\\src\\Illuminate\\Foundation\\resources\\server.php(16): require_once('D:\\\\Program File...')
#9 {main}
"} 
[2025-07-22 10:21:40] laravel.ERROR: Method Illuminate\Support\Collection::toArrays does not exist. {"exception":"[object] (BadMethodCallException(code: 0): Method Illuminate\\Support\\Collection::toArrays does not exist. at D:\\Program Files\\Xammp\\htdocs\\wellfitfitnessgym-main\\vendor\\laravel\\framework\\src\\Illuminate\\Macroable\\Traits\\Macroable.php:112)
[stacktrace]
#0 D:\\Program Files\\Xammp\\htdocs\\wellfitfitnessgym-main\\config\\app.php(186): Illuminate\\Support\\Collection->__call('toArrays', Array)
#1 D:\\Program Files\\Xammp\\htdocs\\wellfitfitnessgym-main\\vendor\\laravel\\framework\\src\\Illuminate\\Foundation\\Bootstrap\\LoadConfiguration.php(70): require('D:\\\\Program File...')
#2 D:\\Program Files\\Xammp\\htdocs\\wellfitfitnessgym-main\\vendor\\laravel\\framework\\src\\Illuminate\\Foundation\\Bootstrap\\LoadConfiguration.php(39): Illuminate\\Foundation\\Bootstrap\\LoadConfiguration->loadConfigurationFiles(Object(Illuminate\\Foundation\\Application), Object(Illuminate\\Config\\Repository))
#3 D:\\Program Files\\Xammp\\htdocs\\wellfitfitnessgym-main\\vendor\\laravel\\framework\\src\\Illuminate\\Foundation\\Application.php(263): Illuminate\\Foundation\\Bootstrap\\LoadConfiguration->bootstrap(Object(Illuminate\\Foundation\\Application))
#4 D:\\Program Files\\Xammp\\htdocs\\wellfitfitnessgym-main\\vendor\\laravel\\framework\\src\\Illuminate\\Foundation\\Http\\Kernel.php(186): Illuminate\\Foundation\\Application->bootstrapWith(Array)
#5 D:\\Program Files\\Xammp\\htdocs\\wellfitfitnessgym-main\\vendor\\laravel\\framework\\src\\Illuminate\\Foundation\\Http\\Kernel.php(170): Illuminate\\Foundation\\Http\\Kernel->bootstrap()
#6 D:\\Program Files\\Xammp\\htdocs\\wellfitfitnessgym-main\\vendor\\laravel\\framework\\src\\Illuminate\\Foundation\\Http\\Kernel.php(144): Illuminate\\Foundation\\Http\\Kernel->sendRequestThroughRouter(Object(Illuminate\\Http\\Request))
#7 D:\\Program Files\\Xammp\\htdocs\\wellfitfitnessgym-main\\public\\index.php(51): Illuminate\\Foundation\\Http\\Kernel->handle(Object(Illuminate\\Http\\Request))
#8 D:\\Program Files\\Xammp\\htdocs\\wellfitfitnessgym-main\\vendor\\laravel\\framework\\src\\Illuminate\\Foundation\\resources\\server.php(16): require_once('D:\\\\Program File...')
#9 {main}
"} 
[2025-07-22 10:22:22] laravel.EMERGENCY: Unable to create configured logger. Using emergency logger. {"exception":"[object] (InvalidArgumentException(code: 0): Log [] is not defined. at D:\\Program Files\\Xammp\\htdocs\\wellfitfitnessgym-main\\vendor\\laravel\\framework\\src\\Illuminate\\Log\\LogManager.php:212)
[stacktrace]
#0 D:\\Program Files\\Xammp\\htdocs\\wellfitfitnessgym-main\\vendor\\laravel\\framework\\src\\Illuminate\\Log\\LogManager.php(137): Illuminate\\Log\\LogManager->resolve(NULL, NULL)
#1 D:\\Program Files\\Xammp\\htdocs\\wellfitfitnessgym-main\\vendor\\laravel\\framework\\src\\Illuminate\\Log\\LogManager.php(124): Illuminate\\Log\\LogManager->get(NULL)
#2 D:\\Program Files\\Xammp\\htdocs\\wellfitfitnessgym-main\\vendor\\laravel\\framework\\src\\Illuminate\\Log\\LogManager.php(681): Illuminate\\Log\\LogManager->driver()
#3 D:\\Program Files\\Xammp\\htdocs\\wellfitfitnessgym-main\\vendor\\laravel\\framework\\src\\Illuminate\\Foundation\\Exceptions\\Handler.php(317): Illuminate\\Log\\LogManager->error('Method Illumina...', Array)
#4 D:\\Program Files\\Xammp\\htdocs\\wellfitfitnessgym-main\\vendor\\laravel\\framework\\src\\Illuminate\\Foundation\\Exceptions\\Handler.php(278): Illuminate\\Foundation\\Exceptions\\Handler->reportThrowable(Object(BadMethodCallException))
#5 D:\\Program Files\\Xammp\\htdocs\\wellfitfitnessgym-main\\vendor\\laravel\\framework\\src\\Illuminate\\Foundation\\Http\\Kernel.php(497): Illuminate\\Foundation\\Exceptions\\Handler->report(Object(BadMethodCallException))
#6 D:\\Program Files\\Xammp\\htdocs\\wellfitfitnessgym-main\\vendor\\laravel\\framework\\src\\Illuminate\\Foundation\\Http\\Kernel.php(146): Illuminate\\Foundation\\Http\\Kernel->reportException(Object(BadMethodCallException))
#7 D:\\Program Files\\Xammp\\htdocs\\wellfitfitnessgym-main\\public\\index.php(51): Illuminate\\Foundation\\Http\\Kernel->handle(Object(Illuminate\\Http\\Request))
#8 D:\\Program Files\\Xammp\\htdocs\\wellfitfitnessgym-main\\vendor\\laravel\\framework\\src\\Illuminate\\Foundation\\resources\\server.php(16): require_once('D:\\\\Program File...')
#9 {main}
"} 
[2025-07-22 10:22:22] laravel.ERROR: Method Illuminate\Support\Collection::toArrays does not exist. {"exception":"[object] (BadMethodCallException(code: 0): Method Illuminate\\Support\\Collection::toArrays does not exist. at D:\\Program Files\\Xammp\\htdocs\\wellfitfitnessgym-main\\vendor\\laravel\\framework\\src\\Illuminate\\Macroable\\Traits\\Macroable.php:112)
[stacktrace]
#0 D:\\Program Files\\Xammp\\htdocs\\wellfitfitnessgym-main\\config\\app.php(186): Illuminate\\Support\\Collection->__call('toArrays', Array)
#1 D:\\Program Files\\Xammp\\htdocs\\wellfitfitnessgym-main\\vendor\\laravel\\framework\\src\\Illuminate\\Foundation\\Bootstrap\\LoadConfiguration.php(70): require('D:\\\\Program File...')
#2 D:\\Program Files\\Xammp\\htdocs\\wellfitfitnessgym-main\\vendor\\laravel\\framework\\src\\Illuminate\\Foundation\\Bootstrap\\LoadConfiguration.php(39): Illuminate\\Foundation\\Bootstrap\\LoadConfiguration->loadConfigurationFiles(Object(Illuminate\\Foundation\\Application), Object(Illuminate\\Config\\Repository))
#3 D:\\Program Files\\Xammp\\htdocs\\wellfitfitnessgym-main\\vendor\\laravel\\framework\\src\\Illuminate\\Foundation\\Application.php(263): Illuminate\\Foundation\\Bootstrap\\LoadConfiguration->bootstrap(Object(Illuminate\\Foundation\\Application))
#4 D:\\Program Files\\Xammp\\htdocs\\wellfitfitnessgym-main\\vendor\\laravel\\framework\\src\\Illuminate\\Foundation\\Http\\Kernel.php(186): Illuminate\\Foundation\\Application->bootstrapWith(Array)
#5 D:\\Program Files\\Xammp\\htdocs\\wellfitfitnessgym-main\\vendor\\laravel\\framework\\src\\Illuminate\\Foundation\\Http\\Kernel.php(170): Illuminate\\Foundation\\Http\\Kernel->bootstrap()
#6 D:\\Program Files\\Xammp\\htdocs\\wellfitfitnessgym-main\\vendor\\laravel\\framework\\src\\Illuminate\\Foundation\\Http\\Kernel.php(144): Illuminate\\Foundation\\Http\\Kernel->sendRequestThroughRouter(Object(Illuminate\\Http\\Request))
#7 D:\\Program Files\\Xammp\\htdocs\\wellfitfitnessgym-main\\public\\index.php(51): Illuminate\\Foundation\\Http\\Kernel->handle(Object(Illuminate\\Http\\Request))
#8 D:\\Program Files\\Xammp\\htdocs\\wellfitfitnessgym-main\\vendor\\laravel\\framework\\src\\Illuminate\\Foundation\\resources\\server.php(16): require_once('D:\\\\Program File...')
#9 {main}
"} 
[2025-07-23 06:44:06] local.ERROR: SQLSTATE[HY000] [2002] No connection could be made because the target machine actively refused it (Connection: mysql, SQL: select `reviews`.*, `users`.`first_name`, `users`.`last_name` from `reviews` left join `users` on `reviews`.`user_id` = `users`.`id` order by `reviews`.`created_at` desc limit 2) {"exception":"[object] (Illuminate\\Database\\QueryException(code: 2002): SQLSTATE[HY000] [2002] No connection could be made because the target machine actively refused it (Connection: mysql, SQL: select `reviews`.*, `users`.`first_name`, `users`.`last_name` from `reviews` left join `users` on `reviews`.`user_id` = `users`.`id` order by `reviews`.`created_at` desc limit 2) at D:\\Program Files\\Xammp\\htdocs\\wellfitfitnessgym-main\\vendor\\laravel\\framework\\src\\Illuminate\\Database\\Connection.php:829)
[stacktrace]
#0 D:\\Program Files\\Xammp\\htdocs\\wellfitfitnessgym-main\\vendor\\laravel\\framework\\src\\Illuminate\\Database\\Connection.php(983): Illuminate\\Database\\Connection->runQueryCallback('select `reviews...', Array, Object(Closure))
#1 D:\\Program Files\\Xammp\\htdocs\\wellfitfitnessgym-main\\vendor\\laravel\\framework\\src\\Illuminate\\Database\\Connection.php(962): Illuminate\\Database\\Connection->tryAgainIfCausedByLostConnection(Object(Illuminate\\Database\\QueryException), 'select `reviews...', Array, Object(Closure))
#2 D:\\Program Files\\Xammp\\htdocs\\wellfitfitnessgym-main\\vendor\\laravel\\framework\\src\\Illuminate\\Database\\Connection.php(785): Illuminate\\Database\\Connection->handleQueryException(Object(Illuminate\\Database\\QueryException), 'select `reviews...', Array, Object(Closure))
#3 D:\\Program Files\\Xammp\\htdocs\\wellfitfitnessgym-main\\vendor\\laravel\\framework\\src\\Illuminate\\Database\\Connection.php(414): Illuminate\\Database\\Connection->run('select `reviews...', Array, Object(Closure))
#4 D:\\Program Files\\Xammp\\htdocs\\wellfitfitnessgym-main\\vendor\\laravel\\framework\\src\\Illuminate\\Database\\Query\\Builder.php(2913): Illuminate\\Database\\Connection->select('select `reviews...', Array, true)
#5 D:\\Program Files\\Xammp\\htdocs\\wellfitfitnessgym-main\\vendor\\laravel\\framework\\src\\Illuminate\\Database\\Query\\Builder.php(2902): Illuminate\\Database\\Query\\Builder->runSelect()
#6 D:\\Program Files\\Xammp\\htdocs\\wellfitfitnessgym-main\\vendor\\laravel\\framework\\src\\Illuminate\\Database\\Query\\Builder.php(3456): Illuminate\\Database\\Query\\Builder->Illuminate\\Database\\Query\\{closure}()
#7 D:\\Program Files\\Xammp\\htdocs\\wellfitfitnessgym-main\\vendor\\laravel\\framework\\src\\Illuminate\\Database\\Query\\Builder.php(2901): Illuminate\\Database\\Query\\Builder->onceWithColumns(Array, Object(Closure))
#8 D:\\Program Files\\Xammp\\htdocs\\wellfitfitnessgym-main\\vendor\\laravel\\framework\\src\\Illuminate\\Database\\Eloquent\\Builder.php(739): Illuminate\\Database\\Query\\Builder->get(Array)
#9 D:\\Program Files\\Xammp\\htdocs\\wellfitfitnessgym-main\\vendor\\laravel\\framework\\src\\Illuminate\\Database\\Eloquent\\Builder.php(723): Illuminate\\Database\\Eloquent\\Builder->getModels(Array)
#10 D:\\Program Files\\Xammp\\htdocs\\wellfitfitnessgym-main\\app\\Models\\Review.php(30): Illuminate\\Database\\Eloquent\\Builder->get(Array)
#11 D:\\Program Files\\Xammp\\htdocs\\wellfitfitnessgym-main\\app\\Http\\Controllers\\PageRenderController.php(26): App\\Models\\Review::getTwoLatestReviews()
#12 D:\\Program Files\\Xammp\\htdocs\\wellfitfitnessgym-main\\vendor\\laravel\\framework\\src\\Illuminate\\Routing\\Controller.php(54): App\\Http\\Controllers\\PageRenderController->index(Object(Illuminate\\Http\\Request))
#13 D:\\Program Files\\Xammp\\htdocs\\wellfitfitnessgym-main\\vendor\\laravel\\framework\\src\\Illuminate\\Routing\\ControllerDispatcher.php(43): Illuminate\\Routing\\Controller->callAction('index', Array)
#14 D:\\Program Files\\Xammp\\htdocs\\wellfitfitnessgym-main\\vendor\\laravel\\framework\\src\\Illuminate\\Routing\\Route.php(259): Illuminate\\Routing\\ControllerDispatcher->dispatch(Object(Illuminate\\Routing\\Route), Object(App\\Http\\Controllers\\PageRenderController), 'index')
#15 D:\\Program Files\\Xammp\\htdocs\\wellfitfitnessgym-main\\vendor\\laravel\\framework\\src\\Illuminate\\Routing\\Route.php(205): Illuminate\\Routing\\Route->runController()
#16 D:\\Program Files\\Xammp\\htdocs\\wellfitfitnessgym-main\\vendor\\laravel\\framework\\src\\Illuminate\\Routing\\Router.php(806): Illuminate\\Routing\\Route->run()
#17 D:\\Program Files\\Xammp\\htdocs\\wellfitfitnessgym-main\\vendor\\laravel\\framework\\src\\Illuminate\\Pipeline\\Pipeline.php(144): Illuminate\\Routing\\Router->Illuminate\\Routing\\{closure}(Object(Illuminate\\Http\\Request))
#18 D:\\Program Files\\Xammp\\htdocs\\wellfitfitnessgym-main\\vendor\\laravel\\framework\\src\\Illuminate\\Http\\Middleware\\AddLinkHeadersForPreloadedAssets.php(20): Illuminate\\Pipeline\\Pipeline->Illuminate\\Pipeline\\{closure}(Object(Illuminate\\Http\\Request))
#19 D:\\Program Files\\Xammp\\htdocs\\wellfitfitnessgym-main\\vendor\\laravel\\framework\\src\\Illuminate\\Pipeline\\Pipeline.php(183): Illuminate\\Http\\Middleware\\AddLinkHeadersForPreloadedAssets->handle(Object(Illuminate\\Http\\Request), Object(Closure))
#20 D:\\Program Files\\Xammp\\htdocs\\wellfitfitnessgym-main\\vendor\\inertiajs\\inertia-laravel\\src\\Middleware.php(87): Illuminate\\Pipeline\\Pipeline->Illuminate\\Pipeline\\{closure}(Object(Illuminate\\Http\\Request))
#21 D:\\Program Files\\Xammp\\htdocs\\wellfitfitnessgym-main\\vendor\\laravel\\framework\\src\\Illuminate\\Pipeline\\Pipeline.php(183): Inertia\\Middleware->handle(Object(Illuminate\\Http\\Request), Object(Closure))
#22 D:\\Program Files\\Xammp\\htdocs\\wellfitfitnessgym-main\\vendor\\laravel\\framework\\src\\Illuminate\\Routing\\Middleware\\SubstituteBindings.php(50): Illuminate\\Pipeline\\Pipeline->Illuminate\\Pipeline\\{closure}(Object(Illuminate\\Http\\Request))
#23 D:\\Program Files\\Xammp\\htdocs\\wellfitfitnessgym-main\\vendor\\laravel\\framework\\src\\Illuminate\\Pipeline\\Pipeline.php(183): Illuminate\\Routing\\Middleware\\SubstituteBindings->handle(Object(Illuminate\\Http\\Request), Object(Closure))
#24 D:\\Program Files\\Xammp\\htdocs\\wellfitfitnessgym-main\\vendor\\laravel\\framework\\src\\Illuminate\\Foundation\\Http\\Middleware\\VerifyCsrfToken.php(78): Illuminate\\Pipeline\\Pipeline->Illuminate\\Pipeline\\{closure}(Object(Illuminate\\Http\\Request))
#25 D:\\Program Files\\Xammp\\htdocs\\wellfitfitnessgym-main\\vendor\\laravel\\framework\\src\\Illuminate\\Pipeline\\Pipeline.php(183): Illuminate\\Foundation\\Http\\Middleware\\VerifyCsrfToken->handle(Object(Illuminate\\Http\\Request), Object(Closure))
#26 D:\\Program Files\\Xammp\\htdocs\\wellfitfitnessgym-main\\vendor\\laravel\\framework\\src\\Illuminate\\View\\Middleware\\ShareErrorsFromSession.php(49): Illuminate\\Pipeline\\Pipeline->Illuminate\\Pipeline\\{closure}(Object(Illuminate\\Http\\Request))
#27 D:\\Program Files\\Xammp\\htdocs\\wellfitfitnessgym-main\\vendor\\laravel\\framework\\src\\Illuminate\\Pipeline\\Pipeline.php(183): Illuminate\\View\\Middleware\\ShareErrorsFromSession->handle(Object(Illuminate\\Http\\Request), Object(Closure))
#28 D:\\Program Files\\Xammp\\htdocs\\wellfitfitnessgym-main\\vendor\\laravel\\framework\\src\\Illuminate\\Session\\Middleware\\StartSession.php(121): Illuminate\\Pipeline\\Pipeline->Illuminate\\Pipeline\\{closure}(Object(Illuminate\\Http\\Request))
#29 D:\\Program Files\\Xammp\\htdocs\\wellfitfitnessgym-main\\vendor\\laravel\\framework\\src\\Illuminate\\Session\\Middleware\\StartSession.php(64): Illuminate\\Session\\Middleware\\StartSession->handleStatefulRequest(Object(Illuminate\\Http\\Request), Object(Illuminate\\Session\\Store), Object(Closure))
#30 D:\\Program Files\\Xammp\\htdocs\\wellfitfitnessgym-main\\vendor\\laravel\\framework\\src\\Illuminate\\Pipeline\\Pipeline.php(183): Illuminate\\Session\\Middleware\\StartSession->handle(Object(Illuminate\\Http\\Request), Object(Closure))
#31 D:\\Program Files\\Xammp\\htdocs\\wellfitfitnessgym-main\\vendor\\laravel\\framework\\src\\Illuminate\\Cookie\\Middleware\\AddQueuedCookiesToResponse.php(37): Illuminate\\Pipeline\\Pipeline->Illuminate\\Pipeline\\{closure}(Object(Illuminate\\Http\\Request))
#32 D:\\Program Files\\Xammp\\htdocs\\wellfitfitnessgym-main\\vendor\\laravel\\framework\\src\\Illuminate\\Pipeline\\Pipeline.php(183): Illuminate\\Cookie\\Middleware\\AddQueuedCookiesToResponse->handle(Object(Illuminate\\Http\\Request), Object(Closure))
#33 D:\\Program Files\\Xammp\\htdocs\\wellfitfitnessgym-main\\vendor\\laravel\\framework\\src\\Illuminate\\Cookie\\Middleware\\EncryptCookies.php(67): Illuminate\\Pipeline\\Pipeline->Illuminate\\Pipeline\\{closure}(Object(Illuminate\\Http\\Request))
#34 D:\\Program Files\\Xammp\\htdocs\\wellfitfitnessgym-main\\vendor\\laravel\\framework\\src\\Illuminate\\Pipeline\\Pipeline.php(183): Illuminate\\Cookie\\Middleware\\EncryptCookies->handle(Object(Illuminate\\Http\\Request), Object(Closure))
#35 D:\\Program Files\\Xammp\\htdocs\\wellfitfitnessgym-main\\vendor\\laravel\\framework\\src\\Illuminate\\Pipeline\\Pipeline.php(119): Illuminate\\Pipeline\\Pipeline->Illuminate\\Pipeline\\{closure}(Object(Illuminate\\Http\\Request))
#36 D:\\Program Files\\Xammp\\htdocs\\wellfitfitnessgym-main\\vendor\\laravel\\framework\\src\\Illuminate\\Routing\\Router.php(805): Illuminate\\Pipeline\\Pipeline->then(Object(Closure))
#37 D:\\Program Files\\Xammp\\htdocs\\wellfitfitnessgym-main\\vendor\\laravel\\framework\\src\\Illuminate\\Routing\\Router.php(784): Illuminate\\Routing\\Router->runRouteWithinStack(Object(Illuminate\\Routing\\Route), Object(Illuminate\\Http\\Request))
#38 D:\\Program Files\\Xammp\\htdocs\\wellfitfitnessgym-main\\vendor\\laravel\\framework\\src\\Illuminate\\Routing\\Router.php(748): Illuminate\\Routing\\Router->runRoute(Object(Illuminate\\Http\\Request), Object(Illuminate\\Routing\\Route))
#39 D:\\Program Files\\Xammp\\htdocs\\wellfitfitnessgym-main\\vendor\\laravel\\framework\\src\\Illuminate\\Routing\\Router.php(737): Illuminate\\Routing\\Router->dispatchToRoute(Object(Illuminate\\Http\\Request))
#40 D:\\Program Files\\Xammp\\htdocs\\wellfitfitnessgym-main\\vendor\\laravel\\framework\\src\\Illuminate\\Foundation\\Http\\Kernel.php(200): Illuminate\\Routing\\Router->dispatch(Object(Illuminate\\Http\\Request))
#41 D:\\Program Files\\Xammp\\htdocs\\wellfitfitnessgym-main\\vendor\\laravel\\framework\\src\\Illuminate\\Pipeline\\Pipeline.php(144): Illuminate\\Foundation\\Http\\Kernel->Illuminate\\Foundation\\Http\\{closure}(Object(Illuminate\\Http\\Request))
#42 D:\\Program Files\\Xammp\\htdocs\\wellfitfitnessgym-main\\vendor\\laravel\\framework\\src\\Illuminate\\Foundation\\Http\\Middleware\\TransformsRequest.php(21): Illuminate\\Pipeline\\Pipeline->Illuminate\\Pipeline\\{closure}(Object(Illuminate\\Http\\Request))
#43 D:\\Program Files\\Xammp\\htdocs\\wellfitfitnessgym-main\\vendor\\laravel\\framework\\src\\Illuminate\\Foundation\\Http\\Middleware\\ConvertEmptyStringsToNull.php(31): Illuminate\\Foundation\\Http\\Middleware\\TransformsRequest->handle(Object(Illuminate\\Http\\Request), Object(Closure))
#44 D:\\Program Files\\Xammp\\htdocs\\wellfitfitnessgym-main\\vendor\\laravel\\framework\\src\\Illuminate\\Pipeline\\Pipeline.php(183): Illuminate\\Foundation\\Http\\Middleware\\ConvertEmptyStringsToNull->handle(Object(Illuminate\\Http\\Request), Object(Closure))
#45 D:\\Program Files\\Xammp\\htdocs\\wellfitfitnessgym-main\\vendor\\laravel\\framework\\src\\Illuminate\\Foundation\\Http\\Middleware\\TransformsRequest.php(21): Illuminate\\Pipeline\\Pipeline->Illuminate\\Pipeline\\{closure}(Object(Illuminate\\Http\\Request))
#46 D:\\Program Files\\Xammp\\htdocs\\wellfitfitnessgym-main\\vendor\\laravel\\framework\\src\\Illuminate\\Foundation\\Http\\Middleware\\TrimStrings.php(40): Illuminate\\Foundation\\Http\\Middleware\\TransformsRequest->handle(Object(Illuminate\\Http\\Request), Object(Closure))
#47 D:\\Program Files\\Xammp\\htdocs\\wellfitfitnessgym-main\\vendor\\laravel\\framework\\src\\Illuminate\\Pipeline\\Pipeline.php(183): Illuminate\\Foundation\\Http\\Middleware\\TrimStrings->handle(Object(Illuminate\\Http\\Request), Object(Closure))
#48 D:\\Program Files\\Xammp\\htdocs\\wellfitfitnessgym-main\\vendor\\laravel\\framework\\src\\Illuminate\\Foundation\\Http\\Middleware\\ValidatePostSize.php(27): Illuminate\\Pipeline\\Pipeline->Illuminate\\Pipeline\\{closure}(Object(Illuminate\\Http\\Request))
#49 D:\\Program Files\\Xammp\\htdocs\\wellfitfitnessgym-main\\vendor\\laravel\\framework\\src\\Illuminate\\Pipeline\\Pipeline.php(183): Illuminate\\Foundation\\Http\\Middleware\\ValidatePostSize->handle(Object(Illuminate\\Http\\Request), Object(Closure))
#50 D:\\Program Files\\Xammp\\htdocs\\wellfitfitnessgym-main\\vendor\\laravel\\framework\\src\\Illuminate\\Foundation\\Http\\Middleware\\PreventRequestsDuringMaintenance.php(99): Illuminate\\Pipeline\\Pipeline->Illuminate\\Pipeline\\{closure}(Object(Illuminate\\Http\\Request))
#51 D:\\Program Files\\Xammp\\htdocs\\wellfitfitnessgym-main\\vendor\\laravel\\framework\\src\\Illuminate\\Pipeline\\Pipeline.php(183): Illuminate\\Foundation\\Http\\Middleware\\PreventRequestsDuringMaintenance->handle(Object(Illuminate\\Http\\Request), Object(Closure))
#52 D:\\Program Files\\Xammp\\htdocs\\wellfitfitnessgym-main\\vendor\\laravel\\framework\\src\\Illuminate\\Http\\Middleware\\HandleCors.php(49): Illuminate\\Pipeline\\Pipeline->Illuminate\\Pipeline\\{closure}(Object(Illuminate\\Http\\Request))
#53 D:\\Program Files\\Xammp\\htdocs\\wellfitfitnessgym-main\\vendor\\laravel\\framework\\src\\Illuminate\\Pipeline\\Pipeline.php(183): Illuminate\\Http\\Middleware\\HandleCors->handle(Object(Illuminate\\Http\\Request), Object(Closure))
#54 D:\\Program Files\\Xammp\\htdocs\\wellfitfitnessgym-main\\vendor\\laravel\\framework\\src\\Illuminate\\Http\\Middleware\\TrustProxies.php(39): Illuminate\\Pipeline\\Pipeline->Illuminate\\Pipeline\\{closure}(Object(Illuminate\\Http\\Request))
#55 D:\\Program Files\\Xammp\\htdocs\\wellfitfitnessgym-main\\vendor\\laravel\\framework\\src\\Illuminate\\Pipeline\\Pipeline.php(183): Illuminate\\Http\\Middleware\\TrustProxies->handle(Object(Illuminate\\Http\\Request), Object(Closure))
#56 D:\\Program Files\\Xammp\\htdocs\\wellfitfitnessgym-main\\vendor\\laravel\\framework\\src\\Illuminate\\Pipeline\\Pipeline.php(119): Illuminate\\Pipeline\\Pipeline->Illuminate\\Pipeline\\{closure}(Object(Illuminate\\Http\\Request))
#57 D:\\Program Files\\Xammp\\htdocs\\wellfitfitnessgym-main\\vendor\\laravel\\framework\\src\\Illuminate\\Foundation\\Http\\Kernel.php(175): Illuminate\\Pipeline\\Pipeline->then(Object(Closure))
#58 D:\\Program Files\\Xammp\\htdocs\\wellfitfitnessgym-main\\vendor\\laravel\\framework\\src\\Illuminate\\Foundation\\Http\\Kernel.php(144): Illuminate\\Foundation\\Http\\Kernel->sendRequestThroughRouter(Object(Illuminate\\Http\\Request))
#59 D:\\Program Files\\Xammp\\htdocs\\wellfitfitnessgym-main\\public\\index.php(51): Illuminate\\Foundation\\Http\\Kernel->handle(Object(Illuminate\\Http\\Request))
#60 D:\\Program Files\\Xammp\\htdocs\\wellfitfitnessgym-main\\vendor\\laravel\\framework\\src\\Illuminate\\Foundation\\resources\\server.php(16): require_once('D:\\\\Program File...')
#61 {main}

[previous exception] [object] (PDOException(code: 2002): SQLSTATE[HY000] [2002] No connection could be made because the target machine actively refused it at D:\\Program Files\\Xammp\\htdocs\\wellfitfitnessgym-main\\vendor\\laravel\\framework\\src\\Illuminate\\Database\\Connectors\\Connector.php:65)
[stacktrace]
#0 D:\\Program Files\\Xammp\\htdocs\\wellfitfitnessgym-main\\vendor\\laravel\\framework\\src\\Illuminate\\Database\\Connectors\\Connector.php(65): PDO->__construct('mysql:host=127....', 'root', Object(SensitiveParameterValue), Array)
#1 D:\\Program Files\\Xammp\\htdocs\\wellfitfitnessgym-main\\vendor\\laravel\\framework\\src\\Illuminate\\Database\\Connectors\\Connector.php(83): Illuminate\\Database\\Connectors\\Connector->createPdoConnection('mysql:host=127....', 'root', '', Array)
#2 D:\\Program Files\\Xammp\\htdocs\\wellfitfitnessgym-main\\vendor\\laravel\\framework\\src\\Illuminate\\Database\\Connectors\\Connector.php(48): Illuminate\\Database\\Connectors\\Connector->tryAgainIfCausedByLostConnection(Object(PDOException), 'mysql:host=127....', 'root', '', Array)
#3 D:\\Program Files\\Xammp\\htdocs\\wellfitfitnessgym-main\\vendor\\laravel\\framework\\src\\Illuminate\\Database\\Connectors\\MySqlConnector.php(24): Illuminate\\Database\\Connectors\\Connector->createConnection('mysql:host=127....', Array, Array)
#4 D:\\Program Files\\Xammp\\htdocs\\wellfitfitnessgym-main\\vendor\\laravel\\framework\\src\\Illuminate\\Database\\Connectors\\ConnectionFactory.php(184): Illuminate\\Database\\Connectors\\MySqlConnector->connect(Array)
#5 [internal function]: Illuminate\\Database\\Connectors\\ConnectionFactory->Illuminate\\Database\\Connectors\\{closure}()
#6 D:\\Program Files\\Xammp\\htdocs\\wellfitfitnessgym-main\\vendor\\laravel\\framework\\src\\Illuminate\\Database\\Connection.php(1339): call_user_func(Object(Closure))
#7 D:\\Program Files\\Xammp\\htdocs\\wellfitfitnessgym-main\\vendor\\laravel\\framework\\src\\Illuminate\\Database\\Connection.php(1375): Illuminate\\Database\\Connection->getPdo()
#8 D:\\Program Files\\Xammp\\htdocs\\wellfitfitnessgym-main\\vendor\\laravel\\framework\\src\\Illuminate\\Database\\Connection.php(528): Illuminate\\Database\\Connection->getReadPdo()
#9 D:\\Program Files\\Xammp\\htdocs\\wellfitfitnessgym-main\\vendor\\laravel\\framework\\src\\Illuminate\\Database\\Connection.php(423): Illuminate\\Database\\Connection->getPdoForSelect(true)
#10 D:\\Program Files\\Xammp\\htdocs\\wellfitfitnessgym-main\\vendor\\laravel\\framework\\src\\Illuminate\\Database\\Connection.php(816): Illuminate\\Database\\Connection->Illuminate\\Database\\{closure}('select `reviews...', Array)
#11 D:\\Program Files\\Xammp\\htdocs\\wellfitfitnessgym-main\\vendor\\laravel\\framework\\src\\Illuminate\\Database\\Connection.php(983): Illuminate\\Database\\Connection->runQueryCallback('select `reviews...', Array, Object(Closure))
#12 D:\\Program Files\\Xammp\\htdocs\\wellfitfitnessgym-main\\vendor\\laravel\\framework\\src\\Illuminate\\Database\\Connection.php(962): Illuminate\\Database\\Connection->tryAgainIfCausedByLostConnection(Object(Illuminate\\Database\\QueryException), 'select `reviews...', Array, Object(Closure))
#13 D:\\Program Files\\Xammp\\htdocs\\wellfitfitnessgym-main\\vendor\\laravel\\framework\\src\\Illuminate\\Database\\Connection.php(785): Illuminate\\Database\\Connection->handleQueryException(Object(Illuminate\\Database\\QueryException), 'select `reviews...', Array, Object(Closure))
#14 D:\\Program Files\\Xammp\\htdocs\\wellfitfitnessgym-main\\vendor\\laravel\\framework\\src\\Illuminate\\Database\\Connection.php(414): Illuminate\\Database\\Connection->run('select `reviews...', Array, Object(Closure))
#15 D:\\Program Files\\Xammp\\htdocs\\wellfitfitnessgym-main\\vendor\\laravel\\framework\\src\\Illuminate\\Database\\Query\\Builder.php(2913): Illuminate\\Database\\Connection->select('select `reviews...', Array, true)
#16 D:\\Program Files\\Xammp\\htdocs\\wellfitfitnessgym-main\\vendor\\laravel\\framework\\src\\Illuminate\\Database\\Query\\Builder.php(2902): Illuminate\\Database\\Query\\Builder->runSelect()
#17 D:\\Program Files\\Xammp\\htdocs\\wellfitfitnessgym-main\\vendor\\laravel\\framework\\src\\Illuminate\\Database\\Query\\Builder.php(3456): Illuminate\\Database\\Query\\Builder->Illuminate\\Database\\Query\\{closure}()
#18 D:\\Program Files\\Xammp\\htdocs\\wellfitfitnessgym-main\\vendor\\laravel\\framework\\src\\Illuminate\\Database\\Query\\Builder.php(2901): Illuminate\\Database\\Query\\Builder->onceWithColumns(Array, Object(Closure))
#19 D:\\Program Files\\Xammp\\htdocs\\wellfitfitnessgym-main\\vendor\\laravel\\framework\\src\\Illuminate\\Database\\Eloquent\\Builder.php(739): Illuminate\\Database\\Query\\Builder->get(Array)
#20 D:\\Program Files\\Xammp\\htdocs\\wellfitfitnessgym-main\\vendor\\laravel\\framework\\src\\Illuminate\\Database\\Eloquent\\Builder.php(723): Illuminate\\Database\\Eloquent\\Builder->getModels(Array)
#21 D:\\Program Files\\Xammp\\htdocs\\wellfitfitnessgym-main\\app\\Models\\Review.php(30): Illuminate\\Database\\Eloquent\\Builder->get(Array)
#22 D:\\Program Files\\Xammp\\htdocs\\wellfitfitnessgym-main\\app\\Http\\Controllers\\PageRenderController.php(26): App\\Models\\Review::getTwoLatestReviews()
#23 D:\\Program Files\\Xammp\\htdocs\\wellfitfitnessgym-main\\vendor\\laravel\\framework\\src\\Illuminate\\Routing\\Controller.php(54): App\\Http\\Controllers\\PageRenderController->index(Object(Illuminate\\Http\\Request))
#24 D:\\Program Files\\Xammp\\htdocs\\wellfitfitnessgym-main\\vendor\\laravel\\framework\\src\\Illuminate\\Routing\\ControllerDispatcher.php(43): Illuminate\\Routing\\Controller->callAction('index', Array)
#25 D:\\Program Files\\Xammp\\htdocs\\wellfitfitnessgym-main\\vendor\\laravel\\framework\\src\\Illuminate\\Routing\\Route.php(259): Illuminate\\Routing\\ControllerDispatcher->dispatch(Object(Illuminate\\Routing\\Route), Object(App\\Http\\Controllers\\PageRenderController), 'index')
#26 D:\\Program Files\\Xammp\\htdocs\\wellfitfitnessgym-main\\vendor\\laravel\\framework\\src\\Illuminate\\Routing\\Route.php(205): Illuminate\\Routing\\Route->runController()
#27 D:\\Program Files\\Xammp\\htdocs\\wellfitfitnessgym-main\\vendor\\laravel\\framework\\src\\Illuminate\\Routing\\Router.php(806): Illuminate\\Routing\\Route->run()
#28 D:\\Program Files\\Xammp\\htdocs\\wellfitfitnessgym-main\\vendor\\laravel\\framework\\src\\Illuminate\\Pipeline\\Pipeline.php(144): Illuminate\\Routing\\Router->Illuminate\\Routing\\{closure}(Object(Illuminate\\Http\\Request))
#29 D:\\Program Files\\Xammp\\htdocs\\wellfitfitnessgym-main\\vendor\\laravel\\framework\\src\\Illuminate\\Http\\Middleware\\AddLinkHeadersForPreloadedAssets.php(20): Illuminate\\Pipeline\\Pipeline->Illuminate\\Pipeline\\{closure}(Object(Illuminate\\Http\\Request))
#30 D:\\Program Files\\Xammp\\htdocs\\wellfitfitnessgym-main\\vendor\\laravel\\framework\\src\\Illuminate\\Pipeline\\Pipeline.php(183): Illuminate\\Http\\Middleware\\AddLinkHeadersForPreloadedAssets->handle(Object(Illuminate\\Http\\Request), Object(Closure))
#31 D:\\Program Files\\Xammp\\htdocs\\wellfitfitnessgym-main\\vendor\\inertiajs\\inertia-laravel\\src\\Middleware.php(87): Illuminate\\Pipeline\\Pipeline->Illuminate\\Pipeline\\{closure}(Object(Illuminate\\Http\\Request))
#32 D:\\Program Files\\Xammp\\htdocs\\wellfitfitnessgym-main\\vendor\\laravel\\framework\\src\\Illuminate\\Pipeline\\Pipeline.php(183): Inertia\\Middleware->handle(Object(Illuminate\\Http\\Request), Object(Closure))
#33 D:\\Program Files\\Xammp\\htdocs\\wellfitfitnessgym-main\\vendor\\laravel\\framework\\src\\Illuminate\\Routing\\Middleware\\SubstituteBindings.php(50): Illuminate\\Pipeline\\Pipeline->Illuminate\\Pipeline\\{closure}(Object(Illuminate\\Http\\Request))
#34 D:\\Program Files\\Xammp\\htdocs\\wellfitfitnessgym-main\\vendor\\laravel\\framework\\src\\Illuminate\\Pipeline\\Pipeline.php(183): Illuminate\\Routing\\Middleware\\SubstituteBindings->handle(Object(Illuminate\\Http\\Request), Object(Closure))
#35 D:\\Program Files\\Xammp\\htdocs\\wellfitfitnessgym-main\\vendor\\laravel\\framework\\src\\Illuminate\\Foundation\\Http\\Middleware\\VerifyCsrfToken.php(78): Illuminate\\Pipeline\\Pipeline->Illuminate\\Pipeline\\{closure}(Object(Illuminate\\Http\\Request))
#36 D:\\Program Files\\Xammp\\htdocs\\wellfitfitnessgym-main\\vendor\\laravel\\framework\\src\\Illuminate\\Pipeline\\Pipeline.php(183): Illuminate\\Foundation\\Http\\Middleware\\VerifyCsrfToken->handle(Object(Illuminate\\Http\\Request), Object(Closure))
#37 D:\\Program Files\\Xammp\\htdocs\\wellfitfitnessgym-main\\vendor\\laravel\\framework\\src\\Illuminate\\View\\Middleware\\ShareErrorsFromSession.php(49): Illuminate\\Pipeline\\Pipeline->Illuminate\\Pipeline\\{closure}(Object(Illuminate\\Http\\Request))
#38 D:\\Program Files\\Xammp\\htdocs\\wellfitfitnessgym-main\\vendor\\laravel\\framework\\src\\Illuminate\\Pipeline\\Pipeline.php(183): Illuminate\\View\\Middleware\\ShareErrorsFromSession->handle(Object(Illuminate\\Http\\Request), Object(Closure))
#39 D:\\Program Files\\Xammp\\htdocs\\wellfitfitnessgym-main\\vendor\\laravel\\framework\\src\\Illuminate\\Session\\Middleware\\StartSession.php(121): Illuminate\\Pipeline\\Pipeline->Illuminate\\Pipeline\\{closure}(Object(Illuminate\\Http\\Request))
#40 D:\\Program Files\\Xammp\\htdocs\\wellfitfitnessgym-main\\vendor\\laravel\\framework\\src\\Illuminate\\Session\\Middleware\\StartSession.php(64): Illuminate\\Session\\Middleware\\StartSession->handleStatefulRequest(Object(Illuminate\\Http\\Request), Object(Illuminate\\Session\\Store), Object(Closure))
#41 D:\\Program Files\\Xammp\\htdocs\\wellfitfitnessgym-main\\vendor\\laravel\\framework\\src\\Illuminate\\Pipeline\\Pipeline.php(183): Illuminate\\Session\\Middleware\\StartSession->handle(Object(Illuminate\\Http\\Request), Object(Closure))
#42 D:\\Program Files\\Xammp\\htdocs\\wellfitfitnessgym-main\\vendor\\laravel\\framework\\src\\Illuminate\\Cookie\\Middleware\\AddQueuedCookiesToResponse.php(37): Illuminate\\Pipeline\\Pipeline->Illuminate\\Pipeline\\{closure}(Object(Illuminate\\Http\\Request))
#43 D:\\Program Files\\Xammp\\htdocs\\wellfitfitnessgym-main\\vendor\\laravel\\framework\\src\\Illuminate\\Pipeline\\Pipeline.php(183): Illuminate\\Cookie\\Middleware\\AddQueuedCookiesToResponse->handle(Object(Illuminate\\Http\\Request), Object(Closure))
#44 D:\\Program Files\\Xammp\\htdocs\\wellfitfitnessgym-main\\vendor\\laravel\\framework\\src\\Illuminate\\Cookie\\Middleware\\EncryptCookies.php(67): Illuminate\\Pipeline\\Pipeline->Illuminate\\Pipeline\\{closure}(Object(Illuminate\\Http\\Request))
#45 D:\\Program Files\\Xammp\\htdocs\\wellfitfitnessgym-main\\vendor\\laravel\\framework\\src\\Illuminate\\Pipeline\\Pipeline.php(183): Illuminate\\Cookie\\Middleware\\EncryptCookies->handle(Object(Illuminate\\Http\\Request), Object(Closure))
#46 D:\\Program Files\\Xammp\\htdocs\\wellfitfitnessgym-main\\vendor\\laravel\\framework\\src\\Illuminate\\Pipeline\\Pipeline.php(119): Illuminate\\Pipeline\\Pipeline->Illuminate\\Pipeline\\{closure}(Object(Illuminate\\Http\\Request))
#47 D:\\Program Files\\Xammp\\htdocs\\wellfitfitnessgym-main\\vendor\\laravel\\framework\\src\\Illuminate\\Routing\\Router.php(805): Illuminate\\Pipeline\\Pipeline->then(Object(Closure))
#48 D:\\Program Files\\Xammp\\htdocs\\wellfitfitnessgym-main\\vendor\\laravel\\framework\\src\\Illuminate\\Routing\\Router.php(784): Illuminate\\Routing\\Router->runRouteWithinStack(Object(Illuminate\\Routing\\Route), Object(Illuminate\\Http\\Request))
#49 D:\\Program Files\\Xammp\\htdocs\\wellfitfitnessgym-main\\vendor\\laravel\\framework\\src\\Illuminate\\Routing\\Router.php(748): Illuminate\\Routing\\Router->runRoute(Object(Illuminate\\Http\\Request), Object(Illuminate\\Routing\\Route))
#50 D:\\Program Files\\Xammp\\htdocs\\wellfitfitnessgym-main\\vendor\\laravel\\framework\\src\\Illuminate\\Routing\\Router.php(737): Illuminate\\Routing\\Router->dispatchToRoute(Object(Illuminate\\Http\\Request))
#51 D:\\Program Files\\Xammp\\htdocs\\wellfitfitnessgym-main\\vendor\\laravel\\framework\\src\\Illuminate\\Foundation\\Http\\Kernel.php(200): Illuminate\\Routing\\Router->dispatch(Object(Illuminate\\Http\\Request))
#52 D:\\Program Files\\Xammp\\htdocs\\wellfitfitnessgym-main\\vendor\\laravel\\framework\\src\\Illuminate\\Pipeline\\Pipeline.php(144): Illuminate\\Foundation\\Http\\Kernel->Illuminate\\Foundation\\Http\\{closure}(Object(Illuminate\\Http\\Request))
#53 D:\\Program Files\\Xammp\\htdocs\\wellfitfitnessgym-main\\vendor\\laravel\\framework\\src\\Illuminate\\Foundation\\Http\\Middleware\\TransformsRequest.php(21): Illuminate\\Pipeline\\Pipeline->Illuminate\\Pipeline\\{closure}(Object(Illuminate\\Http\\Request))
#54 D:\\Program Files\\Xammp\\htdocs\\wellfitfitnessgym-main\\vendor\\laravel\\framework\\src\\Illuminate\\Foundation\\Http\\Middleware\\ConvertEmptyStringsToNull.php(31): Illuminate\\Foundation\\Http\\Middleware\\TransformsRequest->handle(Object(Illuminate\\Http\\Request), Object(Closure))
#55 D:\\Program Files\\Xammp\\htdocs\\wellfitfitnessgym-main\\vendor\\laravel\\framework\\src\\Illuminate\\Pipeline\\Pipeline.php(183): Illuminate\\Foundation\\Http\\Middleware\\ConvertEmptyStringsToNull->handle(Object(Illuminate\\Http\\Request), Object(Closure))
#56 D:\\Program Files\\Xammp\\htdocs\\wellfitfitnessgym-main\\vendor\\laravel\\framework\\src\\Illuminate\\Foundation\\Http\\Middleware\\TransformsRequest.php(21): Illuminate\\Pipeline\\Pipeline->Illuminate\\Pipeline\\{closure}(Object(Illuminate\\Http\\Request))
#57 D:\\Program Files\\Xammp\\htdocs\\wellfitfitnessgym-main\\vendor\\laravel\\framework\\src\\Illuminate\\Foundation\\Http\\Middleware\\TrimStrings.php(40): Illuminate\\Foundation\\Http\\Middleware\\TransformsRequest->handle(Object(Illuminate\\Http\\Request), Object(Closure))
#58 D:\\Program Files\\Xammp\\htdocs\\wellfitfitnessgym-main\\vendor\\laravel\\framework\\src\\Illuminate\\Pipeline\\Pipeline.php(183): Illuminate\\Foundation\\Http\\Middleware\\TrimStrings->handle(Object(Illuminate\\Http\\Request), Object(Closure))
#59 D:\\Program Files\\Xammp\\htdocs\\wellfitfitnessgym-main\\vendor\\laravel\\framework\\src\\Illuminate\\Foundation\\Http\\Middleware\\ValidatePostSize.php(27): Illuminate\\Pipeline\\Pipeline->Illuminate\\Pipeline\\{closure}(Object(Illuminate\\Http\\Request))
#60 D:\\Program Files\\Xammp\\htdocs\\wellfitfitnessgym-main\\vendor\\laravel\\framework\\src\\Illuminate\\Pipeline\\Pipeline.php(183): Illuminate\\Foundation\\Http\\Middleware\\ValidatePostSize->handle(Object(Illuminate\\Http\\Request), Object(Closure))
#61 D:\\Program Files\\Xammp\\htdocs\\wellfitfitnessgym-main\\vendor\\laravel\\framework\\src\\Illuminate\\Foundation\\Http\\Middleware\\PreventRequestsDuringMaintenance.php(99): Illuminate\\Pipeline\\Pipeline->Illuminate\\Pipeline\\{closure}(Object(Illuminate\\Http\\Request))
#62 D:\\Program Files\\Xammp\\htdocs\\wellfitfitnessgym-main\\vendor\\laravel\\framework\\src\\Illuminate\\Pipeline\\Pipeline.php(183): Illuminate\\Foundation\\Http\\Middleware\\PreventRequestsDuringMaintenance->handle(Object(Illuminate\\Http\\Request), Object(Closure))
#63 D:\\Program Files\\Xammp\\htdocs\\wellfitfitnessgym-main\\vendor\\laravel\\framework\\src\\Illuminate\\Http\\Middleware\\HandleCors.php(49): Illuminate\\Pipeline\\Pipeline->Illuminate\\Pipeline\\{closure}(Object(Illuminate\\Http\\Request))
#64 D:\\Program Files\\Xammp\\htdocs\\wellfitfitnessgym-main\\vendor\\laravel\\framework\\src\\Illuminate\\Pipeline\\Pipeline.php(183): Illuminate\\Http\\Middleware\\HandleCors->handle(Object(Illuminate\\Http\\Request), Object(Closure))
#65 D:\\Program Files\\Xammp\\htdocs\\wellfitfitnessgym-main\\vendor\\laravel\\framework\\src\\Illuminate\\Http\\Middleware\\TrustProxies.php(39): Illuminate\\Pipeline\\Pipeline->Illuminate\\Pipeline\\{closure}(Object(Illuminate\\Http\\Request))
#66 D:\\Program Files\\Xammp\\htdocs\\wellfitfitnessgym-main\\vendor\\laravel\\framework\\src\\Illuminate\\Pipeline\\Pipeline.php(183): Illuminate\\Http\\Middleware\\TrustProxies->handle(Object(Illuminate\\Http\\Request), Object(Closure))
#67 D:\\Program Files\\Xammp\\htdocs\\wellfitfitnessgym-main\\vendor\\laravel\\framework\\src\\Illuminate\\Pipeline\\Pipeline.php(119): Illuminate\\Pipeline\\Pipeline->Illuminate\\Pipeline\\{closure}(Object(Illuminate\\Http\\Request))
#68 D:\\Program Files\\Xammp\\htdocs\\wellfitfitnessgym-main\\vendor\\laravel\\framework\\src\\Illuminate\\Foundation\\Http\\Kernel.php(175): Illuminate\\Pipeline\\Pipeline->then(Object(Closure))
#69 D:\\Program Files\\Xammp\\htdocs\\wellfitfitnessgym-main\\vendor\\laravel\\framework\\src\\Illuminate\\Foundation\\Http\\Kernel.php(144): Illuminate\\Foundation\\Http\\Kernel->sendRequestThroughRouter(Object(Illuminate\\Http\\Request))
#70 D:\\Program Files\\Xammp\\htdocs\\wellfitfitnessgym-main\\public\\index.php(51): Illuminate\\Foundation\\Http\\Kernel->handle(Object(Illuminate\\Http\\Request))
#71 D:\\Program Files\\Xammp\\htdocs\\wellfitfitnessgym-main\\vendor\\laravel\\framework\\src\\Illuminate\\Foundation\\resources\\server.php(16): require_once('D:\\\\Program File...')
#72 {main}
"} 
[2025-07-24 11:04:14] local.ERROR: SQLSTATE[HY000] [2002] No connection could be made because the target machine actively refused it (Connection: mysql, SQL: select `reviews`.*, `users`.`first_name`, `users`.`last_name` from `reviews` left join `users` on `reviews`.`user_id` = `users`.`id` order by `reviews`.`created_at` desc limit 2) {"exception":"[object] (Illuminate\\Database\\QueryException(code: 2002): SQLSTATE[HY000] [2002] No connection could be made because the target machine actively refused it (Connection: mysql, SQL: select `reviews`.*, `users`.`first_name`, `users`.`last_name` from `reviews` left join `users` on `reviews`.`user_id` = `users`.`id` order by `reviews`.`created_at` desc limit 2) at D:\\Program Files\\Xammp\\htdocs\\wellfitfitnessgym-main\\vendor\\laravel\\framework\\src\\Illuminate\\Database\\Connection.php:829)
[stacktrace]
#0 D:\\Program Files\\Xammp\\htdocs\\wellfitfitnessgym-main\\vendor\\laravel\\framework\\src\\Illuminate\\Database\\Connection.php(983): Illuminate\\Database\\Connection->runQueryCallback('select `reviews...', Array, Object(Closure))
#1 D:\\Program Files\\Xammp\\htdocs\\wellfitfitnessgym-main\\vendor\\laravel\\framework\\src\\Illuminate\\Database\\Connection.php(962): Illuminate\\Database\\Connection->tryAgainIfCausedByLostConnection(Object(Illuminate\\Database\\QueryException), 'select `reviews...', Array, Object(Closure))
#2 D:\\Program Files\\Xammp\\htdocs\\wellfitfitnessgym-main\\vendor\\laravel\\framework\\src\\Illuminate\\Database\\Connection.php(785): Illuminate\\Database\\Connection->handleQueryException(Object(Illuminate\\Database\\QueryException), 'select `reviews...', Array, Object(Closure))
#3 D:\\Program Files\\Xammp\\htdocs\\wellfitfitnessgym-main\\vendor\\laravel\\framework\\src\\Illuminate\\Database\\Connection.php(414): Illuminate\\Database\\Connection->run('select `reviews...', Array, Object(Closure))
#4 D:\\Program Files\\Xammp\\htdocs\\wellfitfitnessgym-main\\vendor\\laravel\\framework\\src\\Illuminate\\Database\\Query\\Builder.php(2913): Illuminate\\Database\\Connection->select('select `reviews...', Array, true)
#5 D:\\Program Files\\Xammp\\htdocs\\wellfitfitnessgym-main\\vendor\\laravel\\framework\\src\\Illuminate\\Database\\Query\\Builder.php(2902): Illuminate\\Database\\Query\\Builder->runSelect()
#6 D:\\Program Files\\Xammp\\htdocs\\wellfitfitnessgym-main\\vendor\\laravel\\framework\\src\\Illuminate\\Database\\Query\\Builder.php(3456): Illuminate\\Database\\Query\\Builder->Illuminate\\Database\\Query\\{closure}()
#7 D:\\Program Files\\Xammp\\htdocs\\wellfitfitnessgym-main\\vendor\\laravel\\framework\\src\\Illuminate\\Database\\Query\\Builder.php(2901): Illuminate\\Database\\Query\\Builder->onceWithColumns(Array, Object(Closure))
#8 D:\\Program Files\\Xammp\\htdocs\\wellfitfitnessgym-main\\vendor\\laravel\\framework\\src\\Illuminate\\Database\\Eloquent\\Builder.php(739): Illuminate\\Database\\Query\\Builder->get(Array)
#9 D:\\Program Files\\Xammp\\htdocs\\wellfitfitnessgym-main\\vendor\\laravel\\framework\\src\\Illuminate\\Database\\Eloquent\\Builder.php(723): Illuminate\\Database\\Eloquent\\Builder->getModels(Array)
#10 D:\\Program Files\\Xammp\\htdocs\\wellfitfitnessgym-main\\app\\Models\\Review.php(30): Illuminate\\Database\\Eloquent\\Builder->get(Array)
#11 D:\\Program Files\\Xammp\\htdocs\\wellfitfitnessgym-main\\app\\Http\\Controllers\\PageRenderController.php(26): App\\Models\\Review::getTwoLatestReviews()
#12 D:\\Program Files\\Xammp\\htdocs\\wellfitfitnessgym-main\\vendor\\laravel\\framework\\src\\Illuminate\\Routing\\Controller.php(54): App\\Http\\Controllers\\PageRenderController->index(Object(Illuminate\\Http\\Request))
#13 D:\\Program Files\\Xammp\\htdocs\\wellfitfitnessgym-main\\vendor\\laravel\\framework\\src\\Illuminate\\Routing\\ControllerDispatcher.php(43): Illuminate\\Routing\\Controller->callAction('index', Array)
#14 D:\\Program Files\\Xammp\\htdocs\\wellfitfitnessgym-main\\vendor\\laravel\\framework\\src\\Illuminate\\Routing\\Route.php(259): Illuminate\\Routing\\ControllerDispatcher->dispatch(Object(Illuminate\\Routing\\Route), Object(App\\Http\\Controllers\\PageRenderController), 'index')
#15 D:\\Program Files\\Xammp\\htdocs\\wellfitfitnessgym-main\\vendor\\laravel\\framework\\src\\Illuminate\\Routing\\Route.php(205): Illuminate\\Routing\\Route->runController()
#16 D:\\Program Files\\Xammp\\htdocs\\wellfitfitnessgym-main\\vendor\\laravel\\framework\\src\\Illuminate\\Routing\\Router.php(806): Illuminate\\Routing\\Route->run()
#17 D:\\Program Files\\Xammp\\htdocs\\wellfitfitnessgym-main\\vendor\\laravel\\framework\\src\\Illuminate\\Pipeline\\Pipeline.php(144): Illuminate\\Routing\\Router->Illuminate\\Routing\\{closure}(Object(Illuminate\\Http\\Request))
#18 D:\\Program Files\\Xammp\\htdocs\\wellfitfitnessgym-main\\vendor\\laravel\\framework\\src\\Illuminate\\Http\\Middleware\\AddLinkHeadersForPreloadedAssets.php(20): Illuminate\\Pipeline\\Pipeline->Illuminate\\Pipeline\\{closure}(Object(Illuminate\\Http\\Request))
#19 D:\\Program Files\\Xammp\\htdocs\\wellfitfitnessgym-main\\vendor\\laravel\\framework\\src\\Illuminate\\Pipeline\\Pipeline.php(183): Illuminate\\Http\\Middleware\\AddLinkHeadersForPreloadedAssets->handle(Object(Illuminate\\Http\\Request), Object(Closure))
#20 D:\\Program Files\\Xammp\\htdocs\\wellfitfitnessgym-main\\vendor\\inertiajs\\inertia-laravel\\src\\Middleware.php(87): Illuminate\\Pipeline\\Pipeline->Illuminate\\Pipeline\\{closure}(Object(Illuminate\\Http\\Request))
#21 D:\\Program Files\\Xammp\\htdocs\\wellfitfitnessgym-main\\vendor\\laravel\\framework\\src\\Illuminate\\Pipeline\\Pipeline.php(183): Inertia\\Middleware->handle(Object(Illuminate\\Http\\Request), Object(Closure))
#22 D:\\Program Files\\Xammp\\htdocs\\wellfitfitnessgym-main\\vendor\\laravel\\framework\\src\\Illuminate\\Routing\\Middleware\\SubstituteBindings.php(50): Illuminate\\Pipeline\\Pipeline->Illuminate\\Pipeline\\{closure}(Object(Illuminate\\Http\\Request))
#23 D:\\Program Files\\Xammp\\htdocs\\wellfitfitnessgym-main\\vendor\\laravel\\framework\\src\\Illuminate\\Pipeline\\Pipeline.php(183): Illuminate\\Routing\\Middleware\\SubstituteBindings->handle(Object(Illuminate\\Http\\Request), Object(Closure))
#24 D:\\Program Files\\Xammp\\htdocs\\wellfitfitnessgym-main\\vendor\\laravel\\framework\\src\\Illuminate\\Foundation\\Http\\Middleware\\VerifyCsrfToken.php(78): Illuminate\\Pipeline\\Pipeline->Illuminate\\Pipeline\\{closure}(Object(Illuminate\\Http\\Request))
#25 D:\\Program Files\\Xammp\\htdocs\\wellfitfitnessgym-main\\vendor\\laravel\\framework\\src\\Illuminate\\Pipeline\\Pipeline.php(183): Illuminate\\Foundation\\Http\\Middleware\\VerifyCsrfToken->handle(Object(Illuminate\\Http\\Request), Object(Closure))
#26 D:\\Program Files\\Xammp\\htdocs\\wellfitfitnessgym-main\\vendor\\laravel\\framework\\src\\Illuminate\\View\\Middleware\\ShareErrorsFromSession.php(49): Illuminate\\Pipeline\\Pipeline->Illuminate\\Pipeline\\{closure}(Object(Illuminate\\Http\\Request))
#27 D:\\Program Files\\Xammp\\htdocs\\wellfitfitnessgym-main\\vendor\\laravel\\framework\\src\\Illuminate\\Pipeline\\Pipeline.php(183): Illuminate\\View\\Middleware\\ShareErrorsFromSession->handle(Object(Illuminate\\Http\\Request), Object(Closure))
#28 D:\\Program Files\\Xammp\\htdocs\\wellfitfitnessgym-main\\vendor\\laravel\\framework\\src\\Illuminate\\Session\\Middleware\\StartSession.php(121): Illuminate\\Pipeline\\Pipeline->Illuminate\\Pipeline\\{closure}(Object(Illuminate\\Http\\Request))
#29 D:\\Program Files\\Xammp\\htdocs\\wellfitfitnessgym-main\\vendor\\laravel\\framework\\src\\Illuminate\\Session\\Middleware\\StartSession.php(64): Illuminate\\Session\\Middleware\\StartSession->handleStatefulRequest(Object(Illuminate\\Http\\Request), Object(Illuminate\\Session\\Store), Object(Closure))
#30 D:\\Program Files\\Xammp\\htdocs\\wellfitfitnessgym-main\\vendor\\laravel\\framework\\src\\Illuminate\\Pipeline\\Pipeline.php(183): Illuminate\\Session\\Middleware\\StartSession->handle(Object(Illuminate\\Http\\Request), Object(Closure))
#31 D:\\Program Files\\Xammp\\htdocs\\wellfitfitnessgym-main\\vendor\\laravel\\framework\\src\\Illuminate\\Cookie\\Middleware\\AddQueuedCookiesToResponse.php(37): Illuminate\\Pipeline\\Pipeline->Illuminate\\Pipeline\\{closure}(Object(Illuminate\\Http\\Request))
#32 D:\\Program Files\\Xammp\\htdocs\\wellfitfitnessgym-main\\vendor\\laravel\\framework\\src\\Illuminate\\Pipeline\\Pipeline.php(183): Illuminate\\Cookie\\Middleware\\AddQueuedCookiesToResponse->handle(Object(Illuminate\\Http\\Request), Object(Closure))
#33 D:\\Program Files\\Xammp\\htdocs\\wellfitfitnessgym-main\\vendor\\laravel\\framework\\src\\Illuminate\\Cookie\\Middleware\\EncryptCookies.php(67): Illuminate\\Pipeline\\Pipeline->Illuminate\\Pipeline\\{closure}(Object(Illuminate\\Http\\Request))
#34 D:\\Program Files\\Xammp\\htdocs\\wellfitfitnessgym-main\\vendor\\laravel\\framework\\src\\Illuminate\\Pipeline\\Pipeline.php(183): Illuminate\\Cookie\\Middleware\\EncryptCookies->handle(Object(Illuminate\\Http\\Request), Object(Closure))
#35 D:\\Program Files\\Xammp\\htdocs\\wellfitfitnessgym-main\\vendor\\laravel\\framework\\src\\Illuminate\\Pipeline\\Pipeline.php(119): Illuminate\\Pipeline\\Pipeline->Illuminate\\Pipeline\\{closure}(Object(Illuminate\\Http\\Request))
#36 D:\\Program Files\\Xammp\\htdocs\\wellfitfitnessgym-main\\vendor\\laravel\\framework\\src\\Illuminate\\Routing\\Router.php(805): Illuminate\\Pipeline\\Pipeline->then(Object(Closure))
#37 D:\\Program Files\\Xammp\\htdocs\\wellfitfitnessgym-main\\vendor\\laravel\\framework\\src\\Illuminate\\Routing\\Router.php(784): Illuminate\\Routing\\Router->runRouteWithinStack(Object(Illuminate\\Routing\\Route), Object(Illuminate\\Http\\Request))
#38 D:\\Program Files\\Xammp\\htdocs\\wellfitfitnessgym-main\\vendor\\laravel\\framework\\src\\Illuminate\\Routing\\Router.php(748): Illuminate\\Routing\\Router->runRoute(Object(Illuminate\\Http\\Request), Object(Illuminate\\Routing\\Route))
#39 D:\\Program Files\\Xammp\\htdocs\\wellfitfitnessgym-main\\vendor\\laravel\\framework\\src\\Illuminate\\Routing\\Router.php(737): Illuminate\\Routing\\Router->dispatchToRoute(Object(Illuminate\\Http\\Request))
#40 D:\\Program Files\\Xammp\\htdocs\\wellfitfitnessgym-main\\vendor\\laravel\\framework\\src\\Illuminate\\Foundation\\Http\\Kernel.php(200): Illuminate\\Routing\\Router->dispatch(Object(Illuminate\\Http\\Request))
#41 D:\\Program Files\\Xammp\\htdocs\\wellfitfitnessgym-main\\vendor\\laravel\\framework\\src\\Illuminate\\Pipeline\\Pipeline.php(144): Illuminate\\Foundation\\Http\\Kernel->Illuminate\\Foundation\\Http\\{closure}(Object(Illuminate\\Http\\Request))
#42 D:\\Program Files\\Xammp\\htdocs\\wellfitfitnessgym-main\\vendor\\laravel\\framework\\src\\Illuminate\\Foundation\\Http\\Middleware\\TransformsRequest.php(21): Illuminate\\Pipeline\\Pipeline->Illuminate\\Pipeline\\{closure}(Object(Illuminate\\Http\\Request))
#43 D:\\Program Files\\Xammp\\htdocs\\wellfitfitnessgym-main\\vendor\\laravel\\framework\\src\\Illuminate\\Foundation\\Http\\Middleware\\ConvertEmptyStringsToNull.php(31): Illuminate\\Foundation\\Http\\Middleware\\TransformsRequest->handle(Object(Illuminate\\Http\\Request), Object(Closure))
#44 D:\\Program Files\\Xammp\\htdocs\\wellfitfitnessgym-main\\vendor\\laravel\\framework\\src\\Illuminate\\Pipeline\\Pipeline.php(183): Illuminate\\Foundation\\Http\\Middleware\\ConvertEmptyStringsToNull->handle(Object(Illuminate\\Http\\Request), Object(Closure))
#45 D:\\Program Files\\Xammp\\htdocs\\wellfitfitnessgym-main\\vendor\\laravel\\framework\\src\\Illuminate\\Foundation\\Http\\Middleware\\TransformsRequest.php(21): Illuminate\\Pipeline\\Pipeline->Illuminate\\Pipeline\\{closure}(Object(Illuminate\\Http\\Request))
#46 D:\\Program Files\\Xammp\\htdocs\\wellfitfitnessgym-main\\vendor\\laravel\\framework\\src\\Illuminate\\Foundation\\Http\\Middleware\\TrimStrings.php(40): Illuminate\\Foundation\\Http\\Middleware\\TransformsRequest->handle(Object(Illuminate\\Http\\Request), Object(Closure))
#47 D:\\Program Files\\Xammp\\htdocs\\wellfitfitnessgym-main\\vendor\\laravel\\framework\\src\\Illuminate\\Pipeline\\Pipeline.php(183): Illuminate\\Foundation\\Http\\Middleware\\TrimStrings->handle(Object(Illuminate\\Http\\Request), Object(Closure))
#48 D:\\Program Files\\Xammp\\htdocs\\wellfitfitnessgym-main\\vendor\\laravel\\framework\\src\\Illuminate\\Foundation\\Http\\Middleware\\ValidatePostSize.php(27): Illuminate\\Pipeline\\Pipeline->Illuminate\\Pipeline\\{closure}(Object(Illuminate\\Http\\Request))
#49 D:\\Program Files\\Xammp\\htdocs\\wellfitfitnessgym-main\\vendor\\laravel\\framework\\src\\Illuminate\\Pipeline\\Pipeline.php(183): Illuminate\\Foundation\\Http\\Middleware\\ValidatePostSize->handle(Object(Illuminate\\Http\\Request), Object(Closure))
#50 D:\\Program Files\\Xammp\\htdocs\\wellfitfitnessgym-main\\vendor\\laravel\\framework\\src\\Illuminate\\Foundation\\Http\\Middleware\\PreventRequestsDuringMaintenance.php(99): Illuminate\\Pipeline\\Pipeline->Illuminate\\Pipeline\\{closure}(Object(Illuminate\\Http\\Request))
#51 D:\\Program Files\\Xammp\\htdocs\\wellfitfitnessgym-main\\vendor\\laravel\\framework\\src\\Illuminate\\Pipeline\\Pipeline.php(183): Illuminate\\Foundation\\Http\\Middleware\\PreventRequestsDuringMaintenance->handle(Object(Illuminate\\Http\\Request), Object(Closure))
#52 D:\\Program Files\\Xammp\\htdocs\\wellfitfitnessgym-main\\vendor\\laravel\\framework\\src\\Illuminate\\Http\\Middleware\\HandleCors.php(49): Illuminate\\Pipeline\\Pipeline->Illuminate\\Pipeline\\{closure}(Object(Illuminate\\Http\\Request))
#53 D:\\Program Files\\Xammp\\htdocs\\wellfitfitnessgym-main\\vendor\\laravel\\framework\\src\\Illuminate\\Pipeline\\Pipeline.php(183): Illuminate\\Http\\Middleware\\HandleCors->handle(Object(Illuminate\\Http\\Request), Object(Closure))
#54 D:\\Program Files\\Xammp\\htdocs\\wellfitfitnessgym-main\\vendor\\laravel\\framework\\src\\Illuminate\\Http\\Middleware\\TrustProxies.php(39): Illuminate\\Pipeline\\Pipeline->Illuminate\\Pipeline\\{closure}(Object(Illuminate\\Http\\Request))
#55 D:\\Program Files\\Xammp\\htdocs\\wellfitfitnessgym-main\\vendor\\laravel\\framework\\src\\Illuminate\\Pipeline\\Pipeline.php(183): Illuminate\\Http\\Middleware\\TrustProxies->handle(Object(Illuminate\\Http\\Request), Object(Closure))
#56 D:\\Program Files\\Xammp\\htdocs\\wellfitfitnessgym-main\\vendor\\laravel\\framework\\src\\Illuminate\\Pipeline\\Pipeline.php(119): Illuminate\\Pipeline\\Pipeline->Illuminate\\Pipeline\\{closure}(Object(Illuminate\\Http\\Request))
#57 D:\\Program Files\\Xammp\\htdocs\\wellfitfitnessgym-main\\vendor\\laravel\\framework\\src\\Illuminate\\Foundation\\Http\\Kernel.php(175): Illuminate\\Pipeline\\Pipeline->then(Object(Closure))
#58 D:\\Program Files\\Xammp\\htdocs\\wellfitfitnessgym-main\\vendor\\laravel\\framework\\src\\Illuminate\\Foundation\\Http\\Kernel.php(144): Illuminate\\Foundation\\Http\\Kernel->sendRequestThroughRouter(Object(Illuminate\\Http\\Request))
#59 D:\\Program Files\\Xammp\\htdocs\\wellfitfitnessgym-main\\public\\index.php(51): Illuminate\\Foundation\\Http\\Kernel->handle(Object(Illuminate\\Http\\Request))
#60 D:\\Program Files\\Xammp\\htdocs\\wellfitfitnessgym-main\\vendor\\laravel\\framework\\src\\Illuminate\\Foundation\\resources\\server.php(16): require_once('D:\\\\Program File...')
#61 {main}

[previous exception] [object] (PDOException(code: 2002): SQLSTATE[HY000] [2002] No connection could be made because the target machine actively refused it at D:\\Program Files\\Xammp\\htdocs\\wellfitfitnessgym-main\\vendor\\laravel\\framework\\src\\Illuminate\\Database\\Connectors\\Connector.php:65)
[stacktrace]
#0 D:\\Program Files\\Xammp\\htdocs\\wellfitfitnessgym-main\\vendor\\laravel\\framework\\src\\Illuminate\\Database\\Connectors\\Connector.php(65): PDO->__construct('mysql:host=127....', 'root', Object(SensitiveParameterValue), Array)
#1 D:\\Program Files\\Xammp\\htdocs\\wellfitfitnessgym-main\\vendor\\laravel\\framework\\src\\Illuminate\\Database\\Connectors\\Connector.php(83): Illuminate\\Database\\Connectors\\Connector->createPdoConnection('mysql:host=127....', 'root', '', Array)
#2 D:\\Program Files\\Xammp\\htdocs\\wellfitfitnessgym-main\\vendor\\laravel\\framework\\src\\Illuminate\\Database\\Connectors\\Connector.php(48): Illuminate\\Database\\Connectors\\Connector->tryAgainIfCausedByLostConnection(Object(PDOException), 'mysql:host=127....', 'root', '', Array)
#3 D:\\Program Files\\Xammp\\htdocs\\wellfitfitnessgym-main\\vendor\\laravel\\framework\\src\\Illuminate\\Database\\Connectors\\MySqlConnector.php(24): Illuminate\\Database\\Connectors\\Connector->createConnection('mysql:host=127....', Array, Array)
#4 D:\\Program Files\\Xammp\\htdocs\\wellfitfitnessgym-main\\vendor\\laravel\\framework\\src\\Illuminate\\Database\\Connectors\\ConnectionFactory.php(184): Illuminate\\Database\\Connectors\\MySqlConnector->connect(Array)
#5 [internal function]: Illuminate\\Database\\Connectors\\ConnectionFactory->Illuminate\\Database\\Connectors\\{closure}()
#6 D:\\Program Files\\Xammp\\htdocs\\wellfitfitnessgym-main\\vendor\\laravel\\framework\\src\\Illuminate\\Database\\Connection.php(1339): call_user_func(Object(Closure))
#7 D:\\Program Files\\Xammp\\htdocs\\wellfitfitnessgym-main\\vendor\\laravel\\framework\\src\\Illuminate\\Database\\Connection.php(1375): Illuminate\\Database\\Connection->getPdo()
#8 D:\\Program Files\\Xammp\\htdocs\\wellfitfitnessgym-main\\vendor\\laravel\\framework\\src\\Illuminate\\Database\\Connection.php(528): Illuminate\\Database\\Connection->getReadPdo()
#9 D:\\Program Files\\Xammp\\htdocs\\wellfitfitnessgym-main\\vendor\\laravel\\framework\\src\\Illuminate\\Database\\Connection.php(423): Illuminate\\Database\\Connection->getPdoForSelect(true)
#10 D:\\Program Files\\Xammp\\htdocs\\wellfitfitnessgym-main\\vendor\\laravel\\framework\\src\\Illuminate\\Database\\Connection.php(816): Illuminate\\Database\\Connection->Illuminate\\Database\\{closure}('select `reviews...', Array)
#11 D:\\Program Files\\Xammp\\htdocs\\wellfitfitnessgym-main\\vendor\\laravel\\framework\\src\\Illuminate\\Database\\Connection.php(983): Illuminate\\Database\\Connection->runQueryCallback('select `reviews...', Array, Object(Closure))
#12 D:\\Program Files\\Xammp\\htdocs\\wellfitfitnessgym-main\\vendor\\laravel\\framework\\src\\Illuminate\\Database\\Connection.php(962): Illuminate\\Database\\Connection->tryAgainIfCausedByLostConnection(Object(Illuminate\\Database\\QueryException), 'select `reviews...', Array, Object(Closure))
#13 D:\\Program Files\\Xammp\\htdocs\\wellfitfitnessgym-main\\vendor\\laravel\\framework\\src\\Illuminate\\Database\\Connection.php(785): Illuminate\\Database\\Connection->handleQueryException(Object(Illuminate\\Database\\QueryException), 'select `reviews...', Array, Object(Closure))
#14 D:\\Program Files\\Xammp\\htdocs\\wellfitfitnessgym-main\\vendor\\laravel\\framework\\src\\Illuminate\\Database\\Connection.php(414): Illuminate\\Database\\Connection->run('select `reviews...', Array, Object(Closure))
#15 D:\\Program Files\\Xammp\\htdocs\\wellfitfitnessgym-main\\vendor\\laravel\\framework\\src\\Illuminate\\Database\\Query\\Builder.php(2913): Illuminate\\Database\\Connection->select('select `reviews...', Array, true)
#16 D:\\Program Files\\Xammp\\htdocs\\wellfitfitnessgym-main\\vendor\\laravel\\framework\\src\\Illuminate\\Database\\Query\\Builder.php(2902): Illuminate\\Database\\Query\\Builder->runSelect()
#17 D:\\Program Files\\Xammp\\htdocs\\wellfitfitnessgym-main\\vendor\\laravel\\framework\\src\\Illuminate\\Database\\Query\\Builder.php(3456): Illuminate\\Database\\Query\\Builder->Illuminate\\Database\\Query\\{closure}()
#18 D:\\Program Files\\Xammp\\htdocs\\wellfitfitnessgym-main\\vendor\\laravel\\framework\\src\\Illuminate\\Database\\Query\\Builder.php(2901): Illuminate\\Database\\Query\\Builder->onceWithColumns(Array, Object(Closure))
#19 D:\\Program Files\\Xammp\\htdocs\\wellfitfitnessgym-main\\vendor\\laravel\\framework\\src\\Illuminate\\Database\\Eloquent\\Builder.php(739): Illuminate\\Database\\Query\\Builder->get(Array)
#20 D:\\Program Files\\Xammp\\htdocs\\wellfitfitnessgym-main\\vendor\\laravel\\framework\\src\\Illuminate\\Database\\Eloquent\\Builder.php(723): Illuminate\\Database\\Eloquent\\Builder->getModels(Array)
#21 D:\\Program Files\\Xammp\\htdocs\\wellfitfitnessgym-main\\app\\Models\\Review.php(30): Illuminate\\Database\\Eloquent\\Builder->get(Array)
#22 D:\\Program Files\\Xammp\\htdocs\\wellfitfitnessgym-main\\app\\Http\\Controllers\\PageRenderController.php(26): App\\Models\\Review::getTwoLatestReviews()
#23 D:\\Program Files\\Xammp\\htdocs\\wellfitfitnessgym-main\\vendor\\laravel\\framework\\src\\Illuminate\\Routing\\Controller.php(54): App\\Http\\Controllers\\PageRenderController->index(Object(Illuminate\\Http\\Request))
#24 D:\\Program Files\\Xammp\\htdocs\\wellfitfitnessgym-main\\vendor\\laravel\\framework\\src\\Illuminate\\Routing\\ControllerDispatcher.php(43): Illuminate\\Routing\\Controller->callAction('index', Array)
#25 D:\\Program Files\\Xammp\\htdocs\\wellfitfitnessgym-main\\vendor\\laravel\\framework\\src\\Illuminate\\Routing\\Route.php(259): Illuminate\\Routing\\ControllerDispatcher->dispatch(Object(Illuminate\\Routing\\Route), Object(App\\Http\\Controllers\\PageRenderController), 'index')
#26 D:\\Program Files\\Xammp\\htdocs\\wellfitfitnessgym-main\\vendor\\laravel\\framework\\src\\Illuminate\\Routing\\Route.php(205): Illuminate\\Routing\\Route->runController()
#27 D:\\Program Files\\Xammp\\htdocs\\wellfitfitnessgym-main\\vendor\\laravel\\framework\\src\\Illuminate\\Routing\\Router.php(806): Illuminate\\Routing\\Route->run()
#28 D:\\Program Files\\Xammp\\htdocs\\wellfitfitnessgym-main\\vendor\\laravel\\framework\\src\\Illuminate\\Pipeline\\Pipeline.php(144): Illuminate\\Routing\\Router->Illuminate\\Routing\\{closure}(Object(Illuminate\\Http\\Request))
#29 D:\\Program Files\\Xammp\\htdocs\\wellfitfitnessgym-main\\vendor\\laravel\\framework\\src\\Illuminate\\Http\\Middleware\\AddLinkHeadersForPreloadedAssets.php(20): Illuminate\\Pipeline\\Pipeline->Illuminate\\Pipeline\\{closure}(Object(Illuminate\\Http\\Request))
#30 D:\\Program Files\\Xammp\\htdocs\\wellfitfitnessgym-main\\vendor\\laravel\\framework\\src\\Illuminate\\Pipeline\\Pipeline.php(183): Illuminate\\Http\\Middleware\\AddLinkHeadersForPreloadedAssets->handle(Object(Illuminate\\Http\\Request), Object(Closure))
#31 D:\\Program Files\\Xammp\\htdocs\\wellfitfitnessgym-main\\vendor\\inertiajs\\inertia-laravel\\src\\Middleware.php(87): Illuminate\\Pipeline\\Pipeline->Illuminate\\Pipeline\\{closure}(Object(Illuminate\\Http\\Request))
#32 D:\\Program Files\\Xammp\\htdocs\\wellfitfitnessgym-main\\vendor\\laravel\\framework\\src\\Illuminate\\Pipeline\\Pipeline.php(183): Inertia\\Middleware->handle(Object(Illuminate\\Http\\Request), Object(Closure))
#33 D:\\Program Files\\Xammp\\htdocs\\wellfitfitnessgym-main\\vendor\\laravel\\framework\\src\\Illuminate\\Routing\\Middleware\\SubstituteBindings.php(50): Illuminate\\Pipeline\\Pipeline->Illuminate\\Pipeline\\{closure}(Object(Illuminate\\Http\\Request))
#34 D:\\Program Files\\Xammp\\htdocs\\wellfitfitnessgym-main\\vendor\\laravel\\framework\\src\\Illuminate\\Pipeline\\Pipeline.php(183): Illuminate\\Routing\\Middleware\\SubstituteBindings->handle(Object(Illuminate\\Http\\Request), Object(Closure))
#35 D:\\Program Files\\Xammp\\htdocs\\wellfitfitnessgym-main\\vendor\\laravel\\framework\\src\\Illuminate\\Foundation\\Http\\Middleware\\VerifyCsrfToken.php(78): Illuminate\\Pipeline\\Pipeline->Illuminate\\Pipeline\\{closure}(Object(Illuminate\\Http\\Request))
#36 D:\\Program Files\\Xammp\\htdocs\\wellfitfitnessgym-main\\vendor\\laravel\\framework\\src\\Illuminate\\Pipeline\\Pipeline.php(183): Illuminate\\Foundation\\Http\\Middleware\\VerifyCsrfToken->handle(Object(Illuminate\\Http\\Request), Object(Closure))
#37 D:\\Program Files\\Xammp\\htdocs\\wellfitfitnessgym-main\\vendor\\laravel\\framework\\src\\Illuminate\\View\\Middleware\\ShareErrorsFromSession.php(49): Illuminate\\Pipeline\\Pipeline->Illuminate\\Pipeline\\{closure}(Object(Illuminate\\Http\\Request))
#38 D:\\Program Files\\Xammp\\htdocs\\wellfitfitnessgym-main\\vendor\\laravel\\framework\\src\\Illuminate\\Pipeline\\Pipeline.php(183): Illuminate\\View\\Middleware\\ShareErrorsFromSession->handle(Object(Illuminate\\Http\\Request), Object(Closure))
#39 D:\\Program Files\\Xammp\\htdocs\\wellfitfitnessgym-main\\vendor\\laravel\\framework\\src\\Illuminate\\Session\\Middleware\\StartSession.php(121): Illuminate\\Pipeline\\Pipeline->Illuminate\\Pipeline\\{closure}(Object(Illuminate\\Http\\Request))
#40 D:\\Program Files\\Xammp\\htdocs\\wellfitfitnessgym-main\\vendor\\laravel\\framework\\src\\Illuminate\\Session\\Middleware\\StartSession.php(64): Illuminate\\Session\\Middleware\\StartSession->handleStatefulRequest(Object(Illuminate\\Http\\Request), Object(Illuminate\\Session\\Store), Object(Closure))
#41 D:\\Program Files\\Xammp\\htdocs\\wellfitfitnessgym-main\\vendor\\laravel\\framework\\src\\Illuminate\\Pipeline\\Pipeline.php(183): Illuminate\\Session\\Middleware\\StartSession->handle(Object(Illuminate\\Http\\Request), Object(Closure))
#42 D:\\Program Files\\Xammp\\htdocs\\wellfitfitnessgym-main\\vendor\\laravel\\framework\\src\\Illuminate\\Cookie\\Middleware\\AddQueuedCookiesToResponse.php(37): Illuminate\\Pipeline\\Pipeline->Illuminate\\Pipeline\\{closure}(Object(Illuminate\\Http\\Request))
#43 D:\\Program Files\\Xammp\\htdocs\\wellfitfitnessgym-main\\vendor\\laravel\\framework\\src\\Illuminate\\Pipeline\\Pipeline.php(183): Illuminate\\Cookie\\Middleware\\AddQueuedCookiesToResponse->handle(Object(Illuminate\\Http\\Request), Object(Closure))
#44 D:\\Program Files\\Xammp\\htdocs\\wellfitfitnessgym-main\\vendor\\laravel\\framework\\src\\Illuminate\\Cookie\\Middleware\\EncryptCookies.php(67): Illuminate\\Pipeline\\Pipeline->Illuminate\\Pipeline\\{closure}(Object(Illuminate\\Http\\Request))
#45 D:\\Program Files\\Xammp\\htdocs\\wellfitfitnessgym-main\\vendor\\laravel\\framework\\src\\Illuminate\\Pipeline\\Pipeline.php(183): Illuminate\\Cookie\\Middleware\\EncryptCookies->handle(Object(Illuminate\\Http\\Request), Object(Closure))
#46 D:\\Program Files\\Xammp\\htdocs\\wellfitfitnessgym-main\\vendor\\laravel\\framework\\src\\Illuminate\\Pipeline\\Pipeline.php(119): Illuminate\\Pipeline\\Pipeline->Illuminate\\Pipeline\\{closure}(Object(Illuminate\\Http\\Request))
#47 D:\\Program Files\\Xammp\\htdocs\\wellfitfitnessgym-main\\vendor\\laravel\\framework\\src\\Illuminate\\Routing\\Router.php(805): Illuminate\\Pipeline\\Pipeline->then(Object(Closure))
#48 D:\\Program Files\\Xammp\\htdocs\\wellfitfitnessgym-main\\vendor\\laravel\\framework\\src\\Illuminate\\Routing\\Router.php(784): Illuminate\\Routing\\Router->runRouteWithinStack(Object(Illuminate\\Routing\\Route), Object(Illuminate\\Http\\Request))
#49 D:\\Program Files\\Xammp\\htdocs\\wellfitfitnessgym-main\\vendor\\laravel\\framework\\src\\Illuminate\\Routing\\Router.php(748): Illuminate\\Routing\\Router->runRoute(Object(Illuminate\\Http\\Request), Object(Illuminate\\Routing\\Route))
#50 D:\\Program Files\\Xammp\\htdocs\\wellfitfitnessgym-main\\vendor\\laravel\\framework\\src\\Illuminate\\Routing\\Router.php(737): Illuminate\\Routing\\Router->dispatchToRoute(Object(Illuminate\\Http\\Request))
#51 D:\\Program Files\\Xammp\\htdocs\\wellfitfitnessgym-main\\vendor\\laravel\\framework\\src\\Illuminate\\Foundation\\Http\\Kernel.php(200): Illuminate\\Routing\\Router->dispatch(Object(Illuminate\\Http\\Request))
#52 D:\\Program Files\\Xammp\\htdocs\\wellfitfitnessgym-main\\vendor\\laravel\\framework\\src\\Illuminate\\Pipeline\\Pipeline.php(144): Illuminate\\Foundation\\Http\\Kernel->Illuminate\\Foundation\\Http\\{closure}(Object(Illuminate\\Http\\Request))
#53 D:\\Program Files\\Xammp\\htdocs\\wellfitfitnessgym-main\\vendor\\laravel\\framework\\src\\Illuminate\\Foundation\\Http\\Middleware\\TransformsRequest.php(21): Illuminate\\Pipeline\\Pipeline->Illuminate\\Pipeline\\{closure}(Object(Illuminate\\Http\\Request))
#54 D:\\Program Files\\Xammp\\htdocs\\wellfitfitnessgym-main\\vendor\\laravel\\framework\\src\\Illuminate\\Foundation\\Http\\Middleware\\ConvertEmptyStringsToNull.php(31): Illuminate\\Foundation\\Http\\Middleware\\TransformsRequest->handle(Object(Illuminate\\Http\\Request), Object(Closure))
#55 D:\\Program Files\\Xammp\\htdocs\\wellfitfitnessgym-main\\vendor\\laravel\\framework\\src\\Illuminate\\Pipeline\\Pipeline.php(183): Illuminate\\Foundation\\Http\\Middleware\\ConvertEmptyStringsToNull->handle(Object(Illuminate\\Http\\Request), Object(Closure))
#56 D:\\Program Files\\Xammp\\htdocs\\wellfitfitnessgym-main\\vendor\\laravel\\framework\\src\\Illuminate\\Foundation\\Http\\Middleware\\TransformsRequest.php(21): Illuminate\\Pipeline\\Pipeline->Illuminate\\Pipeline\\{closure}(Object(Illuminate\\Http\\Request))
#57 D:\\Program Files\\Xammp\\htdocs\\wellfitfitnessgym-main\\vendor\\laravel\\framework\\src\\Illuminate\\Foundation\\Http\\Middleware\\TrimStrings.php(40): Illuminate\\Foundation\\Http\\Middleware\\TransformsRequest->handle(Object(Illuminate\\Http\\Request), Object(Closure))
#58 D:\\Program Files\\Xammp\\htdocs\\wellfitfitnessgym-main\\vendor\\laravel\\framework\\src\\Illuminate\\Pipeline\\Pipeline.php(183): Illuminate\\Foundation\\Http\\Middleware\\TrimStrings->handle(Object(Illuminate\\Http\\Request), Object(Closure))
#59 D:\\Program Files\\Xammp\\htdocs\\wellfitfitnessgym-main\\vendor\\laravel\\framework\\src\\Illuminate\\Foundation\\Http\\Middleware\\ValidatePostSize.php(27): Illuminate\\Pipeline\\Pipeline->Illuminate\\Pipeline\\{closure}(Object(Illuminate\\Http\\Request))
#60 D:\\Program Files\\Xammp\\htdocs\\wellfitfitnessgym-main\\vendor\\laravel\\framework\\src\\Illuminate\\Pipeline\\Pipeline.php(183): Illuminate\\Foundation\\Http\\Middleware\\ValidatePostSize->handle(Object(Illuminate\\Http\\Request), Object(Closure))
#61 D:\\Program Files\\Xammp\\htdocs\\wellfitfitnessgym-main\\vendor\\laravel\\framework\\src\\Illuminate\\Foundation\\Http\\Middleware\\PreventRequestsDuringMaintenance.php(99): Illuminate\\Pipeline\\Pipeline->Illuminate\\Pipeline\\{closure}(Object(Illuminate\\Http\\Request))
#62 D:\\Program Files\\Xammp\\htdocs\\wellfitfitnessgym-main\\vendor\\laravel\\framework\\src\\Illuminate\\Pipeline\\Pipeline.php(183): Illuminate\\Foundation\\Http\\Middleware\\PreventRequestsDuringMaintenance->handle(Object(Illuminate\\Http\\Request), Object(Closure))
#63 D:\\Program Files\\Xammp\\htdocs\\wellfitfitnessgym-main\\vendor\\laravel\\framework\\src\\Illuminate\\Http\\Middleware\\HandleCors.php(49): Illuminate\\Pipeline\\Pipeline->Illuminate\\Pipeline\\{closure}(Object(Illuminate\\Http\\Request))
#64 D:\\Program Files\\Xammp\\htdocs\\wellfitfitnessgym-main\\vendor\\laravel\\framework\\src\\Illuminate\\Pipeline\\Pipeline.php(183): Illuminate\\Http\\Middleware\\HandleCors->handle(Object(Illuminate\\Http\\Request), Object(Closure))
#65 D:\\Program Files\\Xammp\\htdocs\\wellfitfitnessgym-main\\vendor\\laravel\\framework\\src\\Illuminate\\Http\\Middleware\\TrustProxies.php(39): Illuminate\\Pipeline\\Pipeline->Illuminate\\Pipeline\\{closure}(Object(Illuminate\\Http\\Request))
#66 D:\\Program Files\\Xammp\\htdocs\\wellfitfitnessgym-main\\vendor\\laravel\\framework\\src\\Illuminate\\Pipeline\\Pipeline.php(183): Illuminate\\Http\\Middleware\\TrustProxies->handle(Object(Illuminate\\Http\\Request), Object(Closure))
#67 D:\\Program Files\\Xammp\\htdocs\\wellfitfitnessgym-main\\vendor\\laravel\\framework\\src\\Illuminate\\Pipeline\\Pipeline.php(119): Illuminate\\Pipeline\\Pipeline->Illuminate\\Pipeline\\{closure}(Object(Illuminate\\Http\\Request))
#68 D:\\Program Files\\Xammp\\htdocs\\wellfitfitnessgym-main\\vendor\\laravel\\framework\\src\\Illuminate\\Foundation\\Http\\Kernel.php(175): Illuminate\\Pipeline\\Pipeline->then(Object(Closure))
#69 D:\\Program Files\\Xammp\\htdocs\\wellfitfitnessgym-main\\vendor\\laravel\\framework\\src\\Illuminate\\Foundation\\Http\\Kernel.php(144): Illuminate\\Foundation\\Http\\Kernel->sendRequestThroughRouter(Object(Illuminate\\Http\\Request))
#70 D:\\Program Files\\Xammp\\htdocs\\wellfitfitnessgym-main\\public\\index.php(51): Illuminate\\Foundation\\Http\\Kernel->handle(Object(Illuminate\\Http\\Request))
#71 D:\\Program Files\\Xammp\\htdocs\\wellfitfitnessgym-main\\vendor\\laravel\\framework\\src\\Illuminate\\Foundation\\resources\\server.php(16): require_once('D:\\\\Program File...')
#72 {main}
"} 
[2025-07-24 13:07:00] local.ERROR: ID:1  
